2024-01-10T11:07:54+00:00 CRITICAL Uncaught Error: Call to undefined function seva_get_fonts() in /Applications/MAMP/htdocs/examensarbete/wordpress/wp-content/themes/rara-ecommerce-child/inc/custom-functions.php:568
Stack trace:
#0 /Applications/MAMP/htdocs/examensarbete/wordpress/wp-includes/class-wp-hook.php(324): rara_ecommerce_dynamic_mce_css_ajax_callback('')
#1 /Applications/MAMP/htdocs/examensarbete/wordpress/wp-includes/class-wp-hook.php(348): WP_Hook->apply_filters('', Array)
#2 /Applications/MAMP/htdocs/examensarbete/wordpress/wp-includes/plugin.php(517): WP_Hook->do_action(Array)
#3 /Applications/MAMP/htdocs/examensarbete/wordpress/wp-admin/admin-ajax.php(188): do_action('wp_ajax_rara_ec...')
#4 {main}
  thrown i /Applications/MAMP/htdocs/examensarbete/wordpress/wp-content/themes/rara-ecommerce-child/inc/custom-functions.php på rad 568

2024-01-10T11:07:58+00:00 CRITICAL Uncaught Error: Call to undefined function seva_get_fonts() in /Applications/MAMP/htdocs/examensarbete/wordpress/wp-content/themes/rara-ecommerce-child/inc/custom-functions.php:568
Stack trace:
#0 /Applications/MAMP/htdocs/examensarbete/wordpress/wp-includes/class-wp-hook.php(324): rara_ecommerce_dynamic_mce_css_ajax_callback('')
#1 /Applications/MAMP/htdocs/examensarbete/wordpress/wp-includes/class-wp-hook.php(348): WP_Hook->apply_filters('', Array)
#2 /Applications/MAMP/htdocs/examensarbete/wordpress/wp-includes/plugin.php(517): WP_Hook->do_action(Array)
#3 /Applications/MAMP/htdocs/examensarbete/wordpress/wp-admin/admin-ajax.php(188): do_action('wp_ajax_rara_ec...')
#4 {main}
  thrown i /Applications/MAMP/htdocs/examensarbete/wordpress/wp-content/themes/rara-ecommerce-child/inc/custom-functions.php på rad 568

2024-01-10T11:12:39+00:00 CRITICAL Uncaught Error: Call to undefined function seva_get_fonts() in /Applications/MAMP/htdocs/examensarbete/wordpress/wp-content/themes/rara-ecommerce-child/inc/custom-functions.php:568
Stack trace:
#0 /Applications/MAMP/htdocs/examensarbete/wordpress/wp-includes/class-wp-hook.php(324): rara_ecommerce_dynamic_mce_css_ajax_callback('')
#1 /Applications/MAMP/htdocs/examensarbete/wordpress/wp-includes/class-wp-hook.php(348): WP_Hook->apply_filters('', Array)
#2 /Applications/MAMP/htdocs/examensarbete/wordpress/wp-includes/plugin.php(517): WP_Hook->do_action(Array)
#3 /Applications/MAMP/htdocs/examensarbete/wordpress/wp-admin/admin-ajax.php(188): do_action('wp_ajax_rara_ec...')
#4 {main}
  thrown i /Applications/MAMP/htdocs/examensarbete/wordpress/wp-content/themes/rara-ecommerce-child/inc/custom-functions.php på rad 568

2024-01-10T11:12:41+00:00 CRITICAL Uncaught Error: Call to undefined function seva_get_fonts() in /Applications/MAMP/htdocs/examensarbete/wordpress/wp-content/themes/rara-ecommerce-child/inc/custom-functions.php:568
Stack trace:
#0 /Applications/MAMP/htdocs/examensarbete/wordpress/wp-includes/class-wp-hook.php(324): rara_ecommerce_dynamic_mce_css_ajax_callback('')
#1 /Applications/MAMP/htdocs/examensarbete/wordpress/wp-includes/class-wp-hook.php(348): WP_Hook->apply_filters('', Array)
#2 /Applications/MAMP/htdocs/examensarbete/wordpress/wp-includes/plugin.php(517): WP_Hook->do_action(Array)
#3 /Applications/MAMP/htdocs/examensarbete/wordpress/wp-admin/admin-ajax.php(188): do_action('wp_ajax_rara_ec...')
#4 {main}
  thrown i /Applications/MAMP/htdocs/examensarbete/wordpress/wp-content/themes/rara-ecommerce-child/inc/custom-functions.php på rad 568

2024-01-10T12:07:59+00:00 CRITICAL Uncaught Error: Call to undefined function seva_get_fonts() in /Applications/MAMP/htdocs/examensarbete/wordpress/wp-content/themes/rara-ecommerce-child/inc/custom-functions.php:568
Stack trace:
#0 /Applications/MAMP/htdocs/examensarbete/wordpress/wp-includes/class-wp-hook.php(324): rara_ecommerce_dynamic_mce_css_ajax_callback('')
#1 /Applications/MAMP/htdocs/examensarbete/wordpress/wp-includes/class-wp-hook.php(348): WP_Hook->apply_filters('', Array)
#2 /Applications/MAMP/htdocs/examensarbete/wordpress/wp-includes/plugin.php(517): WP_Hook->do_action(Array)
#3 /Applications/MAMP/htdocs/examensarbete/wordpress/wp-admin/admin-ajax.php(188): do_action('wp_ajax_rara_ec...')
#4 {main}
  thrown i /Applications/MAMP/htdocs/examensarbete/wordpress/wp-content/themes/rara-ecommerce-child/inc/custom-functions.php på rad 568

2024-01-10T12:08:01+00:00 CRITICAL Uncaught Error: Call to undefined function seva_get_fonts() in /Applications/MAMP/htdocs/examensarbete/wordpress/wp-content/themes/rara-ecommerce-child/inc/custom-functions.php:568
Stack trace:
#0 /Applications/MAMP/htdocs/examensarbete/wordpress/wp-includes/class-wp-hook.php(324): rara_ecommerce_dynamic_mce_css_ajax_callback('')
#1 /Applications/MAMP/htdocs/examensarbete/wordpress/wp-includes/class-wp-hook.php(348): WP_Hook->apply_filters('', Array)
#2 /Applications/MAMP/htdocs/examensarbete/wordpress/wp-includes/plugin.php(517): WP_Hook->do_action(Array)
#3 /Applications/MAMP/htdocs/examensarbete/wordpress/wp-admin/admin-ajax.php(188): do_action('wp_ajax_rara_ec...')
#4 {main}
  thrown i /Applications/MAMP/htdocs/examensarbete/wordpress/wp-content/themes/rara-ecommerce-child/inc/custom-functions.php på rad 568

2024-01-10T12:14:36+00:00 CRITICAL Uncaught Error: Call to undefined function seva_get_fonts() in /Applications/MAMP/htdocs/examensarbete/wordpress/wp-content/themes/rara-ecommerce-child/inc/custom-functions.php:568
Stack trace:
#0 /Applications/MAMP/htdocs/examensarbete/wordpress/wp-includes/class-wp-hook.php(324): rara_ecommerce_dynamic_mce_css_ajax_callback('')
#1 /Applications/MAMP/htdocs/examensarbete/wordpress/wp-includes/class-wp-hook.php(348): WP_Hook->apply_filters('', Array)
#2 /Applications/MAMP/htdocs/examensarbete/wordpress/wp-includes/plugin.php(517): WP_Hook->do_action(Array)
#3 /Applications/MAMP/htdocs/examensarbete/wordpress/wp-admin/admin-ajax.php(188): do_action('wp_ajax_rara_ec...')
#4 {main}
  thrown i /Applications/MAMP/htdocs/examensarbete/wordpress/wp-content/themes/rara-ecommerce-child/inc/custom-functions.php på rad 568

2024-01-10T12:14:39+00:00 CRITICAL Uncaught Error: Call to undefined function seva_get_fonts() in /Applications/MAMP/htdocs/examensarbete/wordpress/wp-content/themes/rara-ecommerce-child/inc/custom-functions.php:568
Stack trace:
#0 /Applications/MAMP/htdocs/examensarbete/wordpress/wp-includes/class-wp-hook.php(324): rara_ecommerce_dynamic_mce_css_ajax_callback('')
#1 /Applications/MAMP/htdocs/examensarbete/wordpress/wp-includes/class-wp-hook.php(348): WP_Hook->apply_filters('', Array)
#2 /Applications/MAMP/htdocs/examensarbete/wordpress/wp-includes/plugin.php(517): WP_Hook->do_action(Array)
#3 /Applications/MAMP/htdocs/examensarbete/wordpress/wp-admin/admin-ajax.php(188): do_action('wp_ajax_rara_ec...')
#4 {main}
  thrown i /Applications/MAMP/htdocs/examensarbete/wordpress/wp-content/themes/rara-ecommerce-child/inc/custom-functions.php på rad 568

2024-01-10T14:12:15+00:00 CRITICAL Uncaught Error: Call to undefined function seva_get_fonts() in /Applications/MAMP/htdocs/examensarbete/wordpress/wp-content/themes/rara-ecommerce-child/inc/custom-functions.php:568
Stack trace:
#0 /Applications/MAMP/htdocs/examensarbete/wordpress/wp-includes/class-wp-hook.php(324): rara_ecommerce_dynamic_mce_css_ajax_callback('')
#1 /Applications/MAMP/htdocs/examensarbete/wordpress/wp-includes/class-wp-hook.php(348): WP_Hook->apply_filters('', Array)
#2 /Applications/MAMP/htdocs/examensarbete/wordpress/wp-includes/plugin.php(517): WP_Hook->do_action(Array)
#3 /Applications/MAMP/htdocs/examensarbete/wordpress/wp-admin/admin-ajax.php(188): do_action('wp_ajax_rara_ec...')
#4 {main}
  thrown i /Applications/MAMP/htdocs/examensarbete/wordpress/wp-content/themes/rara-ecommerce-child/inc/custom-functions.php på rad 568

2024-01-10T14:12:18+00:00 CRITICAL Uncaught Error: Call to undefined function seva_get_fonts() in /Applications/MAMP/htdocs/examensarbete/wordpress/wp-content/themes/rara-ecommerce-child/inc/custom-functions.php:568
Stack trace:
#0 /Applications/MAMP/htdocs/examensarbete/wordpress/wp-includes/class-wp-hook.php(324): rara_ecommerce_dynamic_mce_css_ajax_callback('')
#1 /Applications/MAMP/htdocs/examensarbete/wordpress/wp-includes/class-wp-hook.php(348): WP_Hook->apply_filters('', Array)
#2 /Applications/MAMP/htdocs/examensarbete/wordpress/wp-includes/plugin.php(517): WP_Hook->do_action(Array)
#3 /Applications/MAMP/htdocs/examensarbete/wordpress/wp-admin/admin-ajax.php(188): do_action('wp_ajax_rara_ec...')
#4 {main}
  thrown i /Applications/MAMP/htdocs/examensarbete/wordpress/wp-content/themes/rara-ecommerce-child/inc/custom-functions.php på rad 568

2024-01-10T14:15:40+00:00 CRITICAL Uncaught Error: Call to undefined function seva_get_fonts() in /Applications/MAMP/htdocs/examensarbete/wordpress/wp-content/themes/rara-ecommerce-child/inc/custom-functions.php:568
Stack trace:
#0 /Applications/MAMP/htdocs/examensarbete/wordpress/wp-includes/class-wp-hook.php(324): rara_ecommerce_dynamic_mce_css_ajax_callback('')
#1 /Applications/MAMP/htdocs/examensarbete/wordpress/wp-includes/class-wp-hook.php(348): WP_Hook->apply_filters('', Array)
#2 /Applications/MAMP/htdocs/examensarbete/wordpress/wp-includes/plugin.php(517): WP_Hook->do_action(Array)
#3 /Applications/MAMP/htdocs/examensarbete/wordpress/wp-admin/admin-ajax.php(188): do_action('wp_ajax_rara_ec...')
#4 {main}
  thrown i /Applications/MAMP/htdocs/examensarbete/wordpress/wp-content/themes/rara-ecommerce-child/inc/custom-functions.php på rad 568

2024-01-10T14:15:43+00:00 CRITICAL Uncaught Error: Call to undefined function seva_get_fonts() in /Applications/MAMP/htdocs/examensarbete/wordpress/wp-content/themes/rara-ecommerce-child/inc/custom-functions.php:568
Stack trace:
#0 /Applications/MAMP/htdocs/examensarbete/wordpress/wp-includes/class-wp-hook.php(324): rara_ecommerce_dynamic_mce_css_ajax_callback('')
#1 /Applications/MAMP/htdocs/examensarbete/wordpress/wp-includes/class-wp-hook.php(348): WP_Hook->apply_filters('', Array)
#2 /Applications/MAMP/htdocs/examensarbete/wordpress/wp-includes/plugin.php(517): WP_Hook->do_action(Array)
#3 /Applications/MAMP/htdocs/examensarbete/wordpress/wp-admin/admin-ajax.php(188): do_action('wp_ajax_rara_ec...')
#4 {main}
  thrown i /Applications/MAMP/htdocs/examensarbete/wordpress/wp-content/themes/rara-ecommerce-child/inc/custom-functions.php på rad 568

2024-01-10T14:19:21+00:00 CRITICAL Uncaught Error: Call to undefined function seva_get_fonts() in /Applications/MAMP/htdocs/examensarbete/wordpress/wp-content/themes/rara-ecommerce-child/inc/custom-functions.php:568
Stack trace:
#0 /Applications/MAMP/htdocs/examensarbete/wordpress/wp-includes/class-wp-hook.php(324): rara_ecommerce_dynamic_mce_css_ajax_callback('')
#1 /Applications/MAMP/htdocs/examensarbete/wordpress/wp-includes/class-wp-hook.php(348): WP_Hook->apply_filters('', Array)
#2 /Applications/MAMP/htdocs/examensarbete/wordpress/wp-includes/plugin.php(517): WP_Hook->do_action(Array)
#3 /Applications/MAMP/htdocs/examensarbete/wordpress/wp-admin/admin-ajax.php(188): do_action('wp_ajax_rara_ec...')
#4 {main}
  thrown i /Applications/MAMP/htdocs/examensarbete/wordpress/wp-content/themes/rara-ecommerce-child/inc/custom-functions.php på rad 568

2024-01-10T14:19:26+00:00 CRITICAL Uncaught Error: Call to undefined function seva_get_fonts() in /Applications/MAMP/htdocs/examensarbete/wordpress/wp-content/themes/rara-ecommerce-child/inc/custom-functions.php:568
Stack trace:
#0 /Applications/MAMP/htdocs/examensarbete/wordpress/wp-includes/class-wp-hook.php(324): rara_ecommerce_dynamic_mce_css_ajax_callback('')
#1 /Applications/MAMP/htdocs/examensarbete/wordpress/wp-includes/class-wp-hook.php(348): WP_Hook->apply_filters('', Array)
#2 /Applications/MAMP/htdocs/examensarbete/wordpress/wp-includes/plugin.php(517): WP_Hook->do_action(Array)
#3 /Applications/MAMP/htdocs/examensarbete/wordpress/wp-admin/admin-ajax.php(188): do_action('wp_ajax_rara_ec...')
#4 {main}
  thrown i /Applications/MAMP/htdocs/examensarbete/wordpress/wp-content/themes/rara-ecommerce-child/inc/custom-functions.php på rad 568

2024-01-10T14:22:58+00:00 CRITICAL Uncaught Error: Call to undefined function seva_get_fonts() in /Applications/MAMP/htdocs/examensarbete/wordpress/wp-content/themes/rara-ecommerce-child/inc/custom-functions.php:568
Stack trace:
#0 /Applications/MAMP/htdocs/examensarbete/wordpress/wp-includes/class-wp-hook.php(324): rara_ecommerce_dynamic_mce_css_ajax_callback('')
#1 /Applications/MAMP/htdocs/examensarbete/wordpress/wp-includes/class-wp-hook.php(348): WP_Hook->apply_filters('', Array)
#2 /Applications/MAMP/htdocs/examensarbete/wordpress/wp-includes/plugin.php(517): WP_Hook->do_action(Array)
#3 /Applications/MAMP/htdocs/examensarbete/wordpress/wp-admin/admin-ajax.php(188): do_action('wp_ajax_rara_ec...')
#4 {main}
  thrown i /Applications/MAMP/htdocs/examensarbete/wordpress/wp-content/themes/rara-ecommerce-child/inc/custom-functions.php på rad 568

2024-01-10T14:23:04+00:00 CRITICAL Uncaught Error: Call to undefined function seva_get_fonts() in /Applications/MAMP/htdocs/examensarbete/wordpress/wp-content/themes/rara-ecommerce-child/inc/custom-functions.php:568
Stack trace:
#0 /Applications/MAMP/htdocs/examensarbete/wordpress/wp-includes/class-wp-hook.php(324): rara_ecommerce_dynamic_mce_css_ajax_callback('')
#1 /Applications/MAMP/htdocs/examensarbete/wordpress/wp-includes/class-wp-hook.php(348): WP_Hook->apply_filters('', Array)
#2 /Applications/MAMP/htdocs/examensarbete/wordpress/wp-includes/plugin.php(517): WP_Hook->do_action(Array)
#3 /Applications/MAMP/htdocs/examensarbete/wordpress/wp-admin/admin-ajax.php(188): do_action('wp_ajax_rara_ec...')
#4 {main}
  thrown i /Applications/MAMP/htdocs/examensarbete/wordpress/wp-content/themes/rara-ecommerce-child/inc/custom-functions.php på rad 568

2024-01-10T14:24:39+00:00 CRITICAL Uncaught Error: Call to undefined function seva_get_fonts() in /Applications/MAMP/htdocs/examensarbete/wordpress/wp-content/themes/rara-ecommerce-child/inc/custom-functions.php:568
Stack trace:
#0 /Applications/MAMP/htdocs/examensarbete/wordpress/wp-includes/class-wp-hook.php(324): rara_ecommerce_dynamic_mce_css_ajax_callback('')
#1 /Applications/MAMP/htdocs/examensarbete/wordpress/wp-includes/class-wp-hook.php(348): WP_Hook->apply_filters('', Array)
#2 /Applications/MAMP/htdocs/examensarbete/wordpress/wp-includes/plugin.php(517): WP_Hook->do_action(Array)
#3 /Applications/MAMP/htdocs/examensarbete/wordpress/wp-admin/admin-ajax.php(188): do_action('wp_ajax_rara_ec...')
#4 {main}
  thrown i /Applications/MAMP/htdocs/examensarbete/wordpress/wp-content/themes/rara-ecommerce-child/inc/custom-functions.php på rad 568

2024-01-10T14:24:42+00:00 CRITICAL Uncaught Error: Call to undefined function seva_get_fonts() in /Applications/MAMP/htdocs/examensarbete/wordpress/wp-content/themes/rara-ecommerce-child/inc/custom-functions.php:568
Stack trace:
#0 /Applications/MAMP/htdocs/examensarbete/wordpress/wp-includes/class-wp-hook.php(324): rara_ecommerce_dynamic_mce_css_ajax_callback('')
#1 /Applications/MAMP/htdocs/examensarbete/wordpress/wp-includes/class-wp-hook.php(348): WP_Hook->apply_filters('', Array)
#2 /Applications/MAMP/htdocs/examensarbete/wordpress/wp-includes/plugin.php(517): WP_Hook->do_action(Array)
#3 /Applications/MAMP/htdocs/examensarbete/wordpress/wp-admin/admin-ajax.php(188): do_action('wp_ajax_rara_ec...')
#4 {main}
  thrown i /Applications/MAMP/htdocs/examensarbete/wordpress/wp-content/themes/rara-ecommerce-child/inc/custom-functions.php på rad 568

2024-01-10T14:46:37+00:00 CRITICAL Uncaught Error: Call to undefined function seva_get_fonts() in /Applications/MAMP/htdocs/examensarbete/wordpress/wp-content/themes/rara-ecommerce-child/inc/custom-functions.php:568
Stack trace:
#0 /Applications/MAMP/htdocs/examensarbete/wordpress/wp-includes/class-wp-hook.php(324): rara_ecommerce_dynamic_mce_css_ajax_callback('')
#1 /Applications/MAMP/htdocs/examensarbete/wordpress/wp-includes/class-wp-hook.php(348): WP_Hook->apply_filters('', Array)
#2 /Applications/MAMP/htdocs/examensarbete/wordpress/wp-includes/plugin.php(517): WP_Hook->do_action(Array)
#3 /Applications/MAMP/htdocs/examensarbete/wordpress/wp-admin/admin-ajax.php(188): do_action('wp_ajax_rara_ec...')
#4 {main}
  thrown i /Applications/MAMP/htdocs/examensarbete/wordpress/wp-content/themes/rara-ecommerce-child/inc/custom-functions.php på rad 568

2024-01-10T14:46:41+00:00 CRITICAL Uncaught Error: Call to undefined function seva_get_fonts() in /Applications/MAMP/htdocs/examensarbete/wordpress/wp-content/themes/rara-ecommerce-child/inc/custom-functions.php:568
Stack trace:
#0 /Applications/MAMP/htdocs/examensarbete/wordpress/wp-includes/class-wp-hook.php(324): rara_ecommerce_dynamic_mce_css_ajax_callback('')
#1 /Applications/MAMP/htdocs/examensarbete/wordpress/wp-includes/class-wp-hook.php(348): WP_Hook->apply_filters('', Array)
#2 /Applications/MAMP/htdocs/examensarbete/wordpress/wp-includes/plugin.php(517): WP_Hook->do_action(Array)
#3 /Applications/MAMP/htdocs/examensarbete/wordpress/wp-admin/admin-ajax.php(188): do_action('wp_ajax_rara_ec...')
#4 {main}
  thrown i /Applications/MAMP/htdocs/examensarbete/wordpress/wp-content/themes/rara-ecommerce-child/inc/custom-functions.php på rad 568

2024-01-10T14:47:14+00:00 CRITICAL Uncaught Error: Call to undefined function seva_get_fonts() in /Applications/MAMP/htdocs/examensarbete/wordpress/wp-content/themes/rara-ecommerce-child/inc/custom-functions.php:568
Stack trace:
#0 /Applications/MAMP/htdocs/examensarbete/wordpress/wp-includes/class-wp-hook.php(324): rara_ecommerce_dynamic_mce_css_ajax_callback('')
#1 /Applications/MAMP/htdocs/examensarbete/wordpress/wp-includes/class-wp-hook.php(348): WP_Hook->apply_filters('', Array)
#2 /Applications/MAMP/htdocs/examensarbete/wordpress/wp-includes/plugin.php(517): WP_Hook->do_action(Array)
#3 /Applications/MAMP/htdocs/examensarbete/wordpress/wp-admin/admin-ajax.php(188): do_action('wp_ajax_rara_ec...')
#4 {main}
  thrown i /Applications/MAMP/htdocs/examensarbete/wordpress/wp-content/themes/rara-ecommerce-child/inc/custom-functions.php på rad 568

2024-01-10T14:47:15+00:00 CRITICAL Uncaught Error: Call to undefined function seva_get_fonts() in /Applications/MAMP/htdocs/examensarbete/wordpress/wp-content/themes/rara-ecommerce-child/inc/custom-functions.php:568
Stack trace:
#0 /Applications/MAMP/htdocs/examensarbete/wordpress/wp-includes/class-wp-hook.php(324): rara_ecommerce_dynamic_mce_css_ajax_callback('')
#1 /Applications/MAMP/htdocs/examensarbete/wordpress/wp-includes/class-wp-hook.php(348): WP_Hook->apply_filters('', Array)
#2 /Applications/MAMP/htdocs/examensarbete/wordpress/wp-includes/plugin.php(517): WP_Hook->do_action(Array)
#3 /Applications/MAMP/htdocs/examensarbete/wordpress/wp-admin/admin-ajax.php(188): do_action('wp_ajax_rara_ec...')
#4 {main}
  thrown i /Applications/MAMP/htdocs/examensarbete/wordpress/wp-content/themes/rara-ecommerce-child/inc/custom-functions.php på rad 568

2024-01-10T14:53:09+00:00 CRITICAL Uncaught Error: Call to undefined function seva_get_fonts() in /Applications/MAMP/htdocs/examensarbete/wordpress/wp-content/themes/rara-ecommerce-child/inc/custom-functions.php:568
Stack trace:
#0 /Applications/MAMP/htdocs/examensarbete/wordpress/wp-includes/class-wp-hook.php(324): rara_ecommerce_dynamic_mce_css_ajax_callback('')
#1 /Applications/MAMP/htdocs/examensarbete/wordpress/wp-includes/class-wp-hook.php(348): WP_Hook->apply_filters('', Array)
#2 /Applications/MAMP/htdocs/examensarbete/wordpress/wp-includes/plugin.php(517): WP_Hook->do_action(Array)
#3 /Applications/MAMP/htdocs/examensarbete/wordpress/wp-admin/admin-ajax.php(188): do_action('wp_ajax_rara_ec...')
#4 {main}
  thrown i /Applications/MAMP/htdocs/examensarbete/wordpress/wp-content/themes/rara-ecommerce-child/inc/custom-functions.php på rad 568

2024-01-10T14:53:10+00:00 CRITICAL Uncaught Error: Call to undefined function seva_get_fonts() in /Applications/MAMP/htdocs/examensarbete/wordpress/wp-content/themes/rara-ecommerce-child/inc/custom-functions.php:568
Stack trace:
#0 /Applications/MAMP/htdocs/examensarbete/wordpress/wp-includes/class-wp-hook.php(324): rara_ecommerce_dynamic_mce_css_ajax_callback('')
#1 /Applications/MAMP/htdocs/examensarbete/wordpress/wp-includes/class-wp-hook.php(348): WP_Hook->apply_filters('', Array)
#2 /Applications/MAMP/htdocs/examensarbete/wordpress/wp-includes/plugin.php(517): WP_Hook->do_action(Array)
#3 /Applications/MAMP/htdocs/examensarbete/wordpress/wp-admin/admin-ajax.php(188): do_action('wp_ajax_rara_ec...')
#4 {main}
  thrown i /Applications/MAMP/htdocs/examensarbete/wordpress/wp-content/themes/rara-ecommerce-child/inc/custom-functions.php på rad 568

2024-01-10T14:54:09+00:00 CRITICAL Uncaught Error: Call to undefined function seva_get_fonts() in /Applications/MAMP/htdocs/examensarbete/wordpress/wp-content/themes/rara-ecommerce-child/inc/custom-functions.php:568
Stack trace:
#0 /Applications/MAMP/htdocs/examensarbete/wordpress/wp-includes/class-wp-hook.php(324): rara_ecommerce_dynamic_mce_css_ajax_callback('')
#1 /Applications/MAMP/htdocs/examensarbete/wordpress/wp-includes/class-wp-hook.php(348): WP_Hook->apply_filters('', Array)
#2 /Applications/MAMP/htdocs/examensarbete/wordpress/wp-includes/plugin.php(517): WP_Hook->do_action(Array)
#3 /Applications/MAMP/htdocs/examensarbete/wordpress/wp-admin/admin-ajax.php(188): do_action('wp_ajax_rara_ec...')
#4 {main}
  thrown i /Applications/MAMP/htdocs/examensarbete/wordpress/wp-content/themes/rara-ecommerce-child/inc/custom-functions.php på rad 568

2024-01-10T14:54:13+00:00 CRITICAL Uncaught Error: Call to undefined function seva_get_fonts() in /Applications/MAMP/htdocs/examensarbete/wordpress/wp-content/themes/rara-ecommerce-child/inc/custom-functions.php:568
Stack trace:
#0 /Applications/MAMP/htdocs/examensarbete/wordpress/wp-includes/class-wp-hook.php(324): rara_ecommerce_dynamic_mce_css_ajax_callback('')
#1 /Applications/MAMP/htdocs/examensarbete/wordpress/wp-includes/class-wp-hook.php(348): WP_Hook->apply_filters('', Array)
#2 /Applications/MAMP/htdocs/examensarbete/wordpress/wp-includes/plugin.php(517): WP_Hook->do_action(Array)
#3 /Applications/MAMP/htdocs/examensarbete/wordpress/wp-admin/admin-ajax.php(188): do_action('wp_ajax_rara_ec...')
#4 {main}
  thrown i /Applications/MAMP/htdocs/examensarbete/wordpress/wp-content/themes/rara-ecommerce-child/inc/custom-functions.php på rad 568

2024-01-10T14:54:35+00:00 CRITICAL Uncaught Error: Call to undefined function seva_get_fonts() in /Applications/MAMP/htdocs/examensarbete/wordpress/wp-content/themes/rara-ecommerce-child/inc/custom-functions.php:568
Stack trace:
#0 /Applications/MAMP/htdocs/examensarbete/wordpress/wp-includes/class-wp-hook.php(324): rara_ecommerce_dynamic_mce_css_ajax_callback('')
#1 /Applications/MAMP/htdocs/examensarbete/wordpress/wp-includes/class-wp-hook.php(348): WP_Hook->apply_filters('', Array)
#2 /Applications/MAMP/htdocs/examensarbete/wordpress/wp-includes/plugin.php(517): WP_Hook->do_action(Array)
#3 /Applications/MAMP/htdocs/examensarbete/wordpress/wp-admin/admin-ajax.php(188): do_action('wp_ajax_rara_ec...')
#4 {main}
  thrown i /Applications/MAMP/htdocs/examensarbete/wordpress/wp-content/themes/rara-ecommerce-child/inc/custom-functions.php på rad 568

2024-01-10T14:54:36+00:00 CRITICAL Uncaught Error: Call to undefined function seva_get_fonts() in /Applications/MAMP/htdocs/examensarbete/wordpress/wp-content/themes/rara-ecommerce-child/inc/custom-functions.php:568
Stack trace:
#0 /Applications/MAMP/htdocs/examensarbete/wordpress/wp-includes/class-wp-hook.php(324): rara_ecommerce_dynamic_mce_css_ajax_callback('')
#1 /Applications/MAMP/htdocs/examensarbete/wordpress/wp-includes/class-wp-hook.php(348): WP_Hook->apply_filters('', Array)
#2 /Applications/MAMP/htdocs/examensarbete/wordpress/wp-includes/plugin.php(517): WP_Hook->do_action(Array)
#3 /Applications/MAMP/htdocs/examensarbete/wordpress/wp-admin/admin-ajax.php(188): do_action('wp_ajax_rara_ec...')
#4 {main}
  thrown i /Applications/MAMP/htdocs/examensarbete/wordpress/wp-content/themes/rara-ecommerce-child/inc/custom-functions.php på rad 568

2024-01-10T15:12:44+00:00 CRITICAL Uncaught Error: Call to undefined function seva_get_fonts() in /Applications/MAMP/htdocs/examensarbete/wordpress/wp-content/themes/rara-ecommerce-child/inc/custom-functions.php:568
Stack trace:
#0 /Applications/MAMP/htdocs/examensarbete/wordpress/wp-includes/class-wp-hook.php(324): rara_ecommerce_dynamic_mce_css_ajax_callback('')
#1 /Applications/MAMP/htdocs/examensarbete/wordpress/wp-includes/class-wp-hook.php(348): WP_Hook->apply_filters('', Array)
#2 /Applications/MAMP/htdocs/examensarbete/wordpress/wp-includes/plugin.php(517): WP_Hook->do_action(Array)
#3 /Applications/MAMP/htdocs/examensarbete/wordpress/wp-admin/admin-ajax.php(188): do_action('wp_ajax_rara_ec...')
#4 {main}
  thrown i /Applications/MAMP/htdocs/examensarbete/wordpress/wp-content/themes/rara-ecommerce-child/inc/custom-functions.php på rad 568

2024-01-10T15:12:47+00:00 CRITICAL Uncaught Error: Call to undefined function seva_get_fonts() in /Applications/MAMP/htdocs/examensarbete/wordpress/wp-content/themes/rara-ecommerce-child/inc/custom-functions.php:568
Stack trace:
#0 /Applications/MAMP/htdocs/examensarbete/wordpress/wp-includes/class-wp-hook.php(324): rara_ecommerce_dynamic_mce_css_ajax_callback('')
#1 /Applications/MAMP/htdocs/examensarbete/wordpress/wp-includes/class-wp-hook.php(348): WP_Hook->apply_filters('', Array)
#2 /Applications/MAMP/htdocs/examensarbete/wordpress/wp-includes/plugin.php(517): WP_Hook->do_action(Array)
#3 /Applications/MAMP/htdocs/examensarbete/wordpress/wp-admin/admin-ajax.php(188): do_action('wp_ajax_rara_ec...')
#4 {main}
  thrown i /Applications/MAMP/htdocs/examensarbete/wordpress/wp-content/themes/rara-ecommerce-child/inc/custom-functions.php på rad 568

2024-01-10T15:23:33+00:00 CRITICAL Uncaught Error: Call to undefined function seva_get_fonts() in /Applications/MAMP/htdocs/examensarbete/wordpress/wp-content/themes/rara-ecommerce-child/inc/custom-functions.php:568
Stack trace:
#0 /Applications/MAMP/htdocs/examensarbete/wordpress/wp-includes/class-wp-hook.php(324): rara_ecommerce_dynamic_mce_css_ajax_callback('')
#1 /Applications/MAMP/htdocs/examensarbete/wordpress/wp-includes/class-wp-hook.php(348): WP_Hook->apply_filters('', Array)
#2 /Applications/MAMP/htdocs/examensarbete/wordpress/wp-includes/plugin.php(517): WP_Hook->do_action(Array)
#3 /Applications/MAMP/htdocs/examensarbete/wordpress/wp-admin/admin-ajax.php(188): do_action('wp_ajax_rara_ec...')
#4 {main}
  thrown i /Applications/MAMP/htdocs/examensarbete/wordpress/wp-content/themes/rara-ecommerce-child/inc/custom-functions.php på rad 568

2024-01-10T15:23:35+00:00 CRITICAL Uncaught Error: Call to undefined function seva_get_fonts() in /Applications/MAMP/htdocs/examensarbete/wordpress/wp-content/themes/rara-ecommerce-child/inc/custom-functions.php:568
Stack trace:
#0 /Applications/MAMP/htdocs/examensarbete/wordpress/wp-includes/class-wp-hook.php(324): rara_ecommerce_dynamic_mce_css_ajax_callback('')
#1 /Applications/MAMP/htdocs/examensarbete/wordpress/wp-includes/class-wp-hook.php(348): WP_Hook->apply_filters('', Array)
#2 /Applications/MAMP/htdocs/examensarbete/wordpress/wp-includes/plugin.php(517): WP_Hook->do_action(Array)
#3 /Applications/MAMP/htdocs/examensarbete/wordpress/wp-admin/admin-ajax.php(188): do_action('wp_ajax_rara_ec...')
#4 {main}
  thrown i /Applications/MAMP/htdocs/examensarbete/wordpress/wp-content/themes/rara-ecommerce-child/inc/custom-functions.php på rad 568

2024-01-10T15:27:22+00:00 CRITICAL Uncaught Error: Call to undefined function seva_get_fonts() in /Applications/MAMP/htdocs/examensarbete/wordpress/wp-content/themes/rara-ecommerce-child/inc/custom-functions.php:568
Stack trace:
#0 /Applications/MAMP/htdocs/examensarbete/wordpress/wp-includes/class-wp-hook.php(324): rara_ecommerce_dynamic_mce_css_ajax_callback('')
#1 /Applications/MAMP/htdocs/examensarbete/wordpress/wp-includes/class-wp-hook.php(348): WP_Hook->apply_filters('', Array)
#2 /Applications/MAMP/htdocs/examensarbete/wordpress/wp-includes/plugin.php(517): WP_Hook->do_action(Array)
#3 /Applications/MAMP/htdocs/examensarbete/wordpress/wp-admin/admin-ajax.php(188): do_action('wp_ajax_rara_ec...')
#4 {main}
  thrown i /Applications/MAMP/htdocs/examensarbete/wordpress/wp-content/themes/rara-ecommerce-child/inc/custom-functions.php på rad 568

2024-01-10T15:27:26+00:00 CRITICAL Uncaught Error: Call to undefined function seva_get_fonts() in /Applications/MAMP/htdocs/examensarbete/wordpress/wp-content/themes/rara-ecommerce-child/inc/custom-functions.php:568
Stack trace:
#0 /Applications/MAMP/htdocs/examensarbete/wordpress/wp-includes/class-wp-hook.php(324): rara_ecommerce_dynamic_mce_css_ajax_callback('')
#1 /Applications/MAMP/htdocs/examensarbete/wordpress/wp-includes/class-wp-hook.php(348): WP_Hook->apply_filters('', Array)
#2 /Applications/MAMP/htdocs/examensarbete/wordpress/wp-includes/plugin.php(517): WP_Hook->do_action(Array)
#3 /Applications/MAMP/htdocs/examensarbete/wordpress/wp-admin/admin-ajax.php(188): do_action('wp_ajax_rara_ec...')
#4 {main}
  thrown i /Applications/MAMP/htdocs/examensarbete/wordpress/wp-content/themes/rara-ecommerce-child/inc/custom-functions.php på rad 568

2024-01-10T15:27:31+00:00 CRITICAL Uncaught Error: Call to undefined function seva_get_fonts() in /Applications/MAMP/htdocs/examensarbete/wordpress/wp-content/themes/rara-ecommerce-child/inc/custom-functions.php:568
Stack trace:
#0 /Applications/MAMP/htdocs/examensarbete/wordpress/wp-includes/class-wp-hook.php(324): rara_ecommerce_dynamic_mce_css_ajax_callback('')
#1 /Applications/MAMP/htdocs/examensarbete/wordpress/wp-includes/class-wp-hook.php(348): WP_Hook->apply_filters('', Array)
#2 /Applications/MAMP/htdocs/examensarbete/wordpress/wp-includes/plugin.php(517): WP_Hook->do_action(Array)
#3 /Applications/MAMP/htdocs/examensarbete/wordpress/wp-admin/admin-ajax.php(188): do_action('wp_ajax_rara_ec...')
#4 {main}
  thrown i /Applications/MAMP/htdocs/examensarbete/wordpress/wp-content/themes/rara-ecommerce-child/inc/custom-functions.php på rad 568

2024-01-10T15:27:34+00:00 CRITICAL Uncaught Error: Call to undefined function seva_get_fonts() in /Applications/MAMP/htdocs/examensarbete/wordpress/wp-content/themes/rara-ecommerce-child/inc/custom-functions.php:568
Stack trace:
#0 /Applications/MAMP/htdocs/examensarbete/wordpress/wp-includes/class-wp-hook.php(324): rara_ecommerce_dynamic_mce_css_ajax_callback('')
#1 /Applications/MAMP/htdocs/examensarbete/wordpress/wp-includes/class-wp-hook.php(348): WP_Hook->apply_filters('', Array)
#2 /Applications/MAMP/htdocs/examensarbete/wordpress/wp-includes/plugin.php(517): WP_Hook->do_action(Array)
#3 /Applications/MAMP/htdocs/examensarbete/wordpress/wp-admin/admin-ajax.php(188): do_action('wp_ajax_rara_ec...')
#4 {main}
  thrown i /Applications/MAMP/htdocs/examensarbete/wordpress/wp-content/themes/rara-ecommerce-child/inc/custom-functions.php på rad 568

2024-01-10T15:28:36+00:00 CRITICAL Uncaught Error: Call to undefined function seva_get_fonts() in /Applications/MAMP/htdocs/examensarbete/wordpress/wp-content/themes/rara-ecommerce-child/inc/custom-functions.php:568
Stack trace:
#0 /Applications/MAMP/htdocs/examensarbete/wordpress/wp-includes/class-wp-hook.php(324): rara_ecommerce_dynamic_mce_css_ajax_callback('')
#1 /Applications/MAMP/htdocs/examensarbete/wordpress/wp-includes/class-wp-hook.php(348): WP_Hook->apply_filters('', Array)
#2 /Applications/MAMP/htdocs/examensarbete/wordpress/wp-includes/plugin.php(517): WP_Hook->do_action(Array)
#3 /Applications/MAMP/htdocs/examensarbete/wordpress/wp-admin/admin-ajax.php(188): do_action('wp_ajax_rara_ec...')
#4 {main}
  thrown i /Applications/MAMP/htdocs/examensarbete/wordpress/wp-content/themes/rara-ecommerce-child/inc/custom-functions.php på rad 568

2024-01-10T15:28:38+00:00 CRITICAL Uncaught Error: Call to undefined function seva_get_fonts() in /Applications/MAMP/htdocs/examensarbete/wordpress/wp-content/themes/rara-ecommerce-child/inc/custom-functions.php:568
Stack trace:
#0 /Applications/MAMP/htdocs/examensarbete/wordpress/wp-includes/class-wp-hook.php(324): rara_ecommerce_dynamic_mce_css_ajax_callback('')
#1 /Applications/MAMP/htdocs/examensarbete/wordpress/wp-includes/class-wp-hook.php(348): WP_Hook->apply_filters('', Array)
#2 /Applications/MAMP/htdocs/examensarbete/wordpress/wp-includes/plugin.php(517): WP_Hook->do_action(Array)
#3 /Applications/MAMP/htdocs/examensarbete/wordpress/wp-admin/admin-ajax.php(188): do_action('wp_ajax_rara_ec...')
#4 {main}
  thrown i /Applications/MAMP/htdocs/examensarbete/wordpress/wp-content/themes/rara-ecommerce-child/inc/custom-functions.php på rad 568

2024-01-10T15:28:50+00:00 CRITICAL Uncaught Error: Call to undefined function seva_get_fonts() in /Applications/MAMP/htdocs/examensarbete/wordpress/wp-content/themes/rara-ecommerce-child/inc/custom-functions.php:568
Stack trace:
#0 /Applications/MAMP/htdocs/examensarbete/wordpress/wp-includes/class-wp-hook.php(324): rara_ecommerce_dynamic_mce_css_ajax_callback('')
#1 /Applications/MAMP/htdocs/examensarbete/wordpress/wp-includes/class-wp-hook.php(348): WP_Hook->apply_filters('', Array)
#2 /Applications/MAMP/htdocs/examensarbete/wordpress/wp-includes/plugin.php(517): WP_Hook->do_action(Array)
#3 /Applications/MAMP/htdocs/examensarbete/wordpress/wp-admin/admin-ajax.php(188): do_action('wp_ajax_rara_ec...')
#4 {main}
  thrown i /Applications/MAMP/htdocs/examensarbete/wordpress/wp-content/themes/rara-ecommerce-child/inc/custom-functions.php på rad 568

2024-01-10T15:28:55+00:00 CRITICAL Uncaught Error: Call to undefined function seva_get_fonts() in /Applications/MAMP/htdocs/examensarbete/wordpress/wp-content/themes/rara-ecommerce-child/inc/custom-functions.php:568
Stack trace:
#0 /Applications/MAMP/htdocs/examensarbete/wordpress/wp-includes/class-wp-hook.php(324): rara_ecommerce_dynamic_mce_css_ajax_callback('')
#1 /Applications/MAMP/htdocs/examensarbete/wordpress/wp-includes/class-wp-hook.php(348): WP_Hook->apply_filters('', Array)
#2 /Applications/MAMP/htdocs/examensarbete/wordpress/wp-includes/plugin.php(517): WP_Hook->do_action(Array)
#3 /Applications/MAMP/htdocs/examensarbete/wordpress/wp-admin/admin-ajax.php(188): do_action('wp_ajax_rara_ec...')
#4 {main}
  thrown i /Applications/MAMP/htdocs/examensarbete/wordpress/wp-content/themes/rara-ecommerce-child/inc/custom-functions.php på rad 568

2024-01-10T15:43:14+00:00 CRITICAL Uncaught Error: Call to undefined function seva_get_fonts() in /Applications/MAMP/htdocs/examensarbete/wordpress/wp-content/themes/rara-ecommerce-child/inc/custom-functions.php:568
Stack trace:
#0 /Applications/MAMP/htdocs/examensarbete/wordpress/wp-includes/class-wp-hook.php(324): rara_ecommerce_dynamic_mce_css_ajax_callback('')
#1 /Applications/MAMP/htdocs/examensarbete/wordpress/wp-includes/class-wp-hook.php(348): WP_Hook->apply_filters('', Array)
#2 /Applications/MAMP/htdocs/examensarbete/wordpress/wp-includes/plugin.php(517): WP_Hook->do_action(Array)
#3 /Applications/MAMP/htdocs/examensarbete/wordpress/wp-admin/admin-ajax.php(188): do_action('wp_ajax_rara_ec...')
#4 {main}
  thrown i /Applications/MAMP/htdocs/examensarbete/wordpress/wp-content/themes/rara-ecommerce-child/inc/custom-functions.php på rad 568

2024-01-10T15:43:17+00:00 CRITICAL Uncaught Error: Call to undefined function seva_get_fonts() in /Applications/MAMP/htdocs/examensarbete/wordpress/wp-content/themes/rara-ecommerce-child/inc/custom-functions.php:568
Stack trace:
#0 /Applications/MAMP/htdocs/examensarbete/wordpress/wp-includes/class-wp-hook.php(324): rara_ecommerce_dynamic_mce_css_ajax_callback('')
#1 /Applications/MAMP/htdocs/examensarbete/wordpress/wp-includes/class-wp-hook.php(348): WP_Hook->apply_filters('', Array)
#2 /Applications/MAMP/htdocs/examensarbete/wordpress/wp-includes/plugin.php(517): WP_Hook->do_action(Array)
#3 /Applications/MAMP/htdocs/examensarbete/wordpress/wp-admin/admin-ajax.php(188): do_action('wp_ajax_rara_ec...')
#4 {main}
  thrown i /Applications/MAMP/htdocs/examensarbete/wordpress/wp-content/themes/rara-ecommerce-child/inc/custom-functions.php på rad 568

2024-01-10T15:46:56+00:00 CRITICAL Uncaught Error: Call to undefined function seva_get_fonts() in /Applications/MAMP/htdocs/examensarbete/wordpress/wp-content/themes/rara-ecommerce-child/inc/custom-functions.php:568
Stack trace:
#0 /Applications/MAMP/htdocs/examensarbete/wordpress/wp-includes/class-wp-hook.php(324): rara_ecommerce_dynamic_mce_css_ajax_callback('')
#1 /Applications/MAMP/htdocs/examensarbete/wordpress/wp-includes/class-wp-hook.php(348): WP_Hook->apply_filters('', Array)
#2 /Applications/MAMP/htdocs/examensarbete/wordpress/wp-includes/plugin.php(517): WP_Hook->do_action(Array)
#3 /Applications/MAMP/htdocs/examensarbete/wordpress/wp-admin/admin-ajax.php(188): do_action('wp_ajax_rara_ec...')
#4 {main}
  thrown i /Applications/MAMP/htdocs/examensarbete/wordpress/wp-content/themes/rara-ecommerce-child/inc/custom-functions.php på rad 568

2024-01-10T15:47:00+00:00 CRITICAL Uncaught Error: Call to undefined function seva_get_fonts() in /Applications/MAMP/htdocs/examensarbete/wordpress/wp-content/themes/rara-ecommerce-child/inc/custom-functions.php:568
Stack trace:
#0 /Applications/MAMP/htdocs/examensarbete/wordpress/wp-includes/class-wp-hook.php(324): rara_ecommerce_dynamic_mce_css_ajax_callback('')
#1 /Applications/MAMP/htdocs/examensarbete/wordpress/wp-includes/class-wp-hook.php(348): WP_Hook->apply_filters('', Array)
#2 /Applications/MAMP/htdocs/examensarbete/wordpress/wp-includes/plugin.php(517): WP_Hook->do_action(Array)
#3 /Applications/MAMP/htdocs/examensarbete/wordpress/wp-admin/admin-ajax.php(188): do_action('wp_ajax_rara_ec...')
#4 {main}
  thrown i /Applications/MAMP/htdocs/examensarbete/wordpress/wp-content/themes/rara-ecommerce-child/inc/custom-functions.php på rad 568

2024-01-10T15:47:21+00:00 CRITICAL Uncaught Error: Call to undefined function seva_get_fonts() in /Applications/MAMP/htdocs/examensarbete/wordpress/wp-content/themes/rara-ecommerce-child/inc/custom-functions.php:568
Stack trace:
#0 /Applications/MAMP/htdocs/examensarbete/wordpress/wp-includes/class-wp-hook.php(324): rara_ecommerce_dynamic_mce_css_ajax_callback('')
#1 /Applications/MAMP/htdocs/examensarbete/wordpress/wp-includes/class-wp-hook.php(348): WP_Hook->apply_filters('', Array)
#2 /Applications/MAMP/htdocs/examensarbete/wordpress/wp-includes/plugin.php(517): WP_Hook->do_action(Array)
#3 /Applications/MAMP/htdocs/examensarbete/wordpress/wp-admin/admin-ajax.php(188): do_action('wp_ajax_rara_ec...')
#4 {main}
  thrown i /Applications/MAMP/htdocs/examensarbete/wordpress/wp-content/themes/rara-ecommerce-child/inc/custom-functions.php på rad 568

2024-01-10T15:47:25+00:00 CRITICAL Uncaught Error: Call to undefined function seva_get_fonts() in /Applications/MAMP/htdocs/examensarbete/wordpress/wp-content/themes/rara-ecommerce-child/inc/custom-functions.php:568
Stack trace:
#0 /Applications/MAMP/htdocs/examensarbete/wordpress/wp-includes/class-wp-hook.php(324): rara_ecommerce_dynamic_mce_css_ajax_callback('')
#1 /Applications/MAMP/htdocs/examensarbete/wordpress/wp-includes/class-wp-hook.php(348): WP_Hook->apply_filters('', Array)
#2 /Applications/MAMP/htdocs/examensarbete/wordpress/wp-includes/plugin.php(517): WP_Hook->do_action(Array)
#3 /Applications/MAMP/htdocs/examensarbete/wordpress/wp-admin/admin-ajax.php(188): do_action('wp_ajax_rara_ec...')
#4 {main}
  thrown i /Applications/MAMP/htdocs/examensarbete/wordpress/wp-content/themes/rara-ecommerce-child/inc/custom-functions.php på rad 568

2024-01-10T15:49:29+00:00 CRITICAL Uncaught Error: Call to undefined function seva_get_fonts() in /Applications/MAMP/htdocs/examensarbete/wordpress/wp-content/themes/rara-ecommerce-child/inc/custom-functions.php:568
Stack trace:
#0 /Applications/MAMP/htdocs/examensarbete/wordpress/wp-includes/class-wp-hook.php(324): rara_ecommerce_dynamic_mce_css_ajax_callback('')
#1 /Applications/MAMP/htdocs/examensarbete/wordpress/wp-includes/class-wp-hook.php(348): WP_Hook->apply_filters('', Array)
#2 /Applications/MAMP/htdocs/examensarbete/wordpress/wp-includes/plugin.php(517): WP_Hook->do_action(Array)
#3 /Applications/MAMP/htdocs/examensarbete/wordpress/wp-admin/admin-ajax.php(188): do_action('wp_ajax_rara_ec...')
#4 {main}
  thrown i /Applications/MAMP/htdocs/examensarbete/wordpress/wp-content/themes/rara-ecommerce-child/inc/custom-functions.php på rad 568

2024-01-10T15:49:32+00:00 CRITICAL Uncaught Error: Call to undefined function seva_get_fonts() in /Applications/MAMP/htdocs/examensarbete/wordpress/wp-content/themes/rara-ecommerce-child/inc/custom-functions.php:568
Stack trace:
#0 /Applications/MAMP/htdocs/examensarbete/wordpress/wp-includes/class-wp-hook.php(324): rara_ecommerce_dynamic_mce_css_ajax_callback('')
#1 /Applications/MAMP/htdocs/examensarbete/wordpress/wp-includes/class-wp-hook.php(348): WP_Hook->apply_filters('', Array)
#2 /Applications/MAMP/htdocs/examensarbete/wordpress/wp-includes/plugin.php(517): WP_Hook->do_action(Array)
#3 /Applications/MAMP/htdocs/examensarbete/wordpress/wp-admin/admin-ajax.php(188): do_action('wp_ajax_rara_ec...')
#4 {main}
  thrown i /Applications/MAMP/htdocs/examensarbete/wordpress/wp-content/themes/rara-ecommerce-child/inc/custom-functions.php på rad 568

2024-01-10T15:49:48+00:00 CRITICAL Uncaught Error: Call to undefined function seva_get_fonts() in /Applications/MAMP/htdocs/examensarbete/wordpress/wp-content/themes/rara-ecommerce-child/inc/custom-functions.php:568
Stack trace:
#0 /Applications/MAMP/htdocs/examensarbete/wordpress/wp-includes/class-wp-hook.php(324): rara_ecommerce_dynamic_mce_css_ajax_callback('')
#1 /Applications/MAMP/htdocs/examensarbete/wordpress/wp-includes/class-wp-hook.php(348): WP_Hook->apply_filters('', Array)
#2 /Applications/MAMP/htdocs/examensarbete/wordpress/wp-includes/plugin.php(517): WP_Hook->do_action(Array)
#3 /Applications/MAMP/htdocs/examensarbete/wordpress/wp-admin/admin-ajax.php(188): do_action('wp_ajax_rara_ec...')
#4 {main}
  thrown i /Applications/MAMP/htdocs/examensarbete/wordpress/wp-content/themes/rara-ecommerce-child/inc/custom-functions.php på rad 568

2024-01-10T15:49:51+00:00 CRITICAL Uncaught Error: Call to undefined function seva_get_fonts() in /Applications/MAMP/htdocs/examensarbete/wordpress/wp-content/themes/rara-ecommerce-child/inc/custom-functions.php:568
Stack trace:
#0 /Applications/MAMP/htdocs/examensarbete/wordpress/wp-includes/class-wp-hook.php(324): rara_ecommerce_dynamic_mce_css_ajax_callback('')
#1 /Applications/MAMP/htdocs/examensarbete/wordpress/wp-includes/class-wp-hook.php(348): WP_Hook->apply_filters('', Array)
#2 /Applications/MAMP/htdocs/examensarbete/wordpress/wp-includes/plugin.php(517): WP_Hook->do_action(Array)
#3 /Applications/MAMP/htdocs/examensarbete/wordpress/wp-admin/admin-ajax.php(188): do_action('wp_ajax_rara_ec...')
#4 {main}
  thrown i /Applications/MAMP/htdocs/examensarbete/wordpress/wp-content/themes/rara-ecommerce-child/inc/custom-functions.php på rad 568

2024-01-10T15:50:42+00:00 CRITICAL Uncaught Error: Call to undefined function seva_get_fonts() in /Applications/MAMP/htdocs/examensarbete/wordpress/wp-content/themes/rara-ecommerce-child/inc/custom-functions.php:568
Stack trace:
#0 /Applications/MAMP/htdocs/examensarbete/wordpress/wp-includes/class-wp-hook.php(324): rara_ecommerce_dynamic_mce_css_ajax_callback('')
#1 /Applications/MAMP/htdocs/examensarbete/wordpress/wp-includes/class-wp-hook.php(348): WP_Hook->apply_filters('', Array)
#2 /Applications/MAMP/htdocs/examensarbete/wordpress/wp-includes/plugin.php(517): WP_Hook->do_action(Array)
#3 /Applications/MAMP/htdocs/examensarbete/wordpress/wp-admin/admin-ajax.php(188): do_action('wp_ajax_rara_ec...')
#4 {main}
  thrown i /Applications/MAMP/htdocs/examensarbete/wordpress/wp-content/themes/rara-ecommerce-child/inc/custom-functions.php på rad 568

2024-01-10T15:50:47+00:00 CRITICAL Uncaught Error: Call to undefined function seva_get_fonts() in /Applications/MAMP/htdocs/examensarbete/wordpress/wp-content/themes/rara-ecommerce-child/inc/custom-functions.php:568
Stack trace:
#0 /Applications/MAMP/htdocs/examensarbete/wordpress/wp-includes/class-wp-hook.php(324): rara_ecommerce_dynamic_mce_css_ajax_callback('')
#1 /Applications/MAMP/htdocs/examensarbete/wordpress/wp-includes/class-wp-hook.php(348): WP_Hook->apply_filters('', Array)
#2 /Applications/MAMP/htdocs/examensarbete/wordpress/wp-includes/plugin.php(517): WP_Hook->do_action(Array)
#3 /Applications/MAMP/htdocs/examensarbete/wordpress/wp-admin/admin-ajax.php(188): do_action('wp_ajax_rara_ec...')
#4 {main}
  thrown i /Applications/MAMP/htdocs/examensarbete/wordpress/wp-content/themes/rara-ecommerce-child/inc/custom-functions.php på rad 568

2024-01-10T16:02:17+00:00 CRITICAL Uncaught Error: Call to undefined function seva_get_fonts() in /Applications/MAMP/htdocs/examensarbete/wordpress/wp-content/themes/rara-ecommerce-child/inc/custom-functions.php:568
Stack trace:
#0 /Applications/MAMP/htdocs/examensarbete/wordpress/wp-includes/class-wp-hook.php(324): rara_ecommerce_dynamic_mce_css_ajax_callback('')
#1 /Applications/MAMP/htdocs/examensarbete/wordpress/wp-includes/class-wp-hook.php(348): WP_Hook->apply_filters('', Array)
#2 /Applications/MAMP/htdocs/examensarbete/wordpress/wp-includes/plugin.php(517): WP_Hook->do_action(Array)
#3 /Applications/MAMP/htdocs/examensarbete/wordpress/wp-admin/admin-ajax.php(188): do_action('wp_ajax_rara_ec...')
#4 {main}
  thrown i /Applications/MAMP/htdocs/examensarbete/wordpress/wp-content/themes/rara-ecommerce-child/inc/custom-functions.php på rad 568

2024-01-10T16:02:20+00:00 CRITICAL Uncaught Error: Call to undefined function seva_get_fonts() in /Applications/MAMP/htdocs/examensarbete/wordpress/wp-content/themes/rara-ecommerce-child/inc/custom-functions.php:568
Stack trace:
#0 /Applications/MAMP/htdocs/examensarbete/wordpress/wp-includes/class-wp-hook.php(324): rara_ecommerce_dynamic_mce_css_ajax_callback('')
#1 /Applications/MAMP/htdocs/examensarbete/wordpress/wp-includes/class-wp-hook.php(348): WP_Hook->apply_filters('', Array)
#2 /Applications/MAMP/htdocs/examensarbete/wordpress/wp-includes/plugin.php(517): WP_Hook->do_action(Array)
#3 /Applications/MAMP/htdocs/examensarbete/wordpress/wp-admin/admin-ajax.php(188): do_action('wp_ajax_rara_ec...')
#4 {main}
  thrown i /Applications/MAMP/htdocs/examensarbete/wordpress/wp-content/themes/rara-ecommerce-child/inc/custom-functions.php på rad 568

2024-01-10T16:08:49+00:00 CRITICAL Uncaught Error: Call to undefined function seva_get_fonts() in /Applications/MAMP/htdocs/examensarbete/wordpress/wp-content/themes/rara-ecommerce-child/inc/custom-functions.php:568
Stack trace:
#0 /Applications/MAMP/htdocs/examensarbete/wordpress/wp-includes/class-wp-hook.php(324): rara_ecommerce_dynamic_mce_css_ajax_callback('')
#1 /Applications/MAMP/htdocs/examensarbete/wordpress/wp-includes/class-wp-hook.php(348): WP_Hook->apply_filters('', Array)
#2 /Applications/MAMP/htdocs/examensarbete/wordpress/wp-includes/plugin.php(517): WP_Hook->do_action(Array)
#3 /Applications/MAMP/htdocs/examensarbete/wordpress/wp-admin/admin-ajax.php(188): do_action('wp_ajax_rara_ec...')
#4 {main}
  thrown i /Applications/MAMP/htdocs/examensarbete/wordpress/wp-content/themes/rara-ecommerce-child/inc/custom-functions.php på rad 568

2024-01-10T16:08:51+00:00 CRITICAL Uncaught Error: Call to undefined function seva_get_fonts() in /Applications/MAMP/htdocs/examensarbete/wordpress/wp-content/themes/rara-ecommerce-child/inc/custom-functions.php:568
Stack trace:
#0 /Applications/MAMP/htdocs/examensarbete/wordpress/wp-includes/class-wp-hook.php(324): rara_ecommerce_dynamic_mce_css_ajax_callback('')
#1 /Applications/MAMP/htdocs/examensarbete/wordpress/wp-includes/class-wp-hook.php(348): WP_Hook->apply_filters('', Array)
#2 /Applications/MAMP/htdocs/examensarbete/wordpress/wp-includes/plugin.php(517): WP_Hook->do_action(Array)
#3 /Applications/MAMP/htdocs/examensarbete/wordpress/wp-admin/admin-ajax.php(188): do_action('wp_ajax_rara_ec...')
#4 {main}
  thrown i /Applications/MAMP/htdocs/examensarbete/wordpress/wp-content/themes/rara-ecommerce-child/inc/custom-functions.php på rad 568

2024-01-10T16:27:16+00:00 CRITICAL Uncaught Error: Call to undefined function seva_get_fonts() in /Applications/MAMP/htdocs/examensarbete/wordpress/wp-content/themes/rara-ecommerce-child/inc/custom-functions.php:568
Stack trace:
#0 /Applications/MAMP/htdocs/examensarbete/wordpress/wp-includes/class-wp-hook.php(324): rara_ecommerce_dynamic_mce_css_ajax_callback('')
#1 /Applications/MAMP/htdocs/examensarbete/wordpress/wp-includes/class-wp-hook.php(348): WP_Hook->apply_filters('', Array)
#2 /Applications/MAMP/htdocs/examensarbete/wordpress/wp-includes/plugin.php(517): WP_Hook->do_action(Array)
#3 /Applications/MAMP/htdocs/examensarbete/wordpress/wp-admin/admin-ajax.php(188): do_action('wp_ajax_rara_ec...')
#4 {main}
  thrown i /Applications/MAMP/htdocs/examensarbete/wordpress/wp-content/themes/rara-ecommerce-child/inc/custom-functions.php på rad 568

2024-01-10T16:27:18+00:00 CRITICAL Uncaught Error: Call to undefined function seva_get_fonts() in /Applications/MAMP/htdocs/examensarbete/wordpress/wp-content/themes/rara-ecommerce-child/inc/custom-functions.php:568
Stack trace:
#0 /Applications/MAMP/htdocs/examensarbete/wordpress/wp-includes/class-wp-hook.php(324): rara_ecommerce_dynamic_mce_css_ajax_callback('')
#1 /Applications/MAMP/htdocs/examensarbete/wordpress/wp-includes/class-wp-hook.php(348): WP_Hook->apply_filters('', Array)
#2 /Applications/MAMP/htdocs/examensarbete/wordpress/wp-includes/plugin.php(517): WP_Hook->do_action(Array)
#3 /Applications/MAMP/htdocs/examensarbete/wordpress/wp-admin/admin-ajax.php(188): do_action('wp_ajax_rara_ec...')
#4 {main}
  thrown i /Applications/MAMP/htdocs/examensarbete/wordpress/wp-content/themes/rara-ecommerce-child/inc/custom-functions.php på rad 568

2024-01-10T16:35:07+00:00 CRITICAL Uncaught Error: Call to undefined function seva_get_fonts() in /Applications/MAMP/htdocs/examensarbete/wordpress/wp-content/themes/rara-ecommerce-child/inc/custom-functions.php:568
Stack trace:
#0 /Applications/MAMP/htdocs/examensarbete/wordpress/wp-includes/class-wp-hook.php(324): rara_ecommerce_dynamic_mce_css_ajax_callback('')
#1 /Applications/MAMP/htdocs/examensarbete/wordpress/wp-includes/class-wp-hook.php(348): WP_Hook->apply_filters('', Array)
#2 /Applications/MAMP/htdocs/examensarbete/wordpress/wp-includes/plugin.php(517): WP_Hook->do_action(Array)
#3 /Applications/MAMP/htdocs/examensarbete/wordpress/wp-admin/admin-ajax.php(188): do_action('wp_ajax_rara_ec...')
#4 {main}
  thrown i /Applications/MAMP/htdocs/examensarbete/wordpress/wp-content/themes/rara-ecommerce-child/inc/custom-functions.php på rad 568

2024-01-10T16:35:08+00:00 CRITICAL Uncaught Error: Call to undefined function seva_get_fonts() in /Applications/MAMP/htdocs/examensarbete/wordpress/wp-content/themes/rara-ecommerce-child/inc/custom-functions.php:568
Stack trace:
#0 /Applications/MAMP/htdocs/examensarbete/wordpress/wp-includes/class-wp-hook.php(324): rara_ecommerce_dynamic_mce_css_ajax_callback('')
#1 /Applications/MAMP/htdocs/examensarbete/wordpress/wp-includes/class-wp-hook.php(348): WP_Hook->apply_filters('', Array)
#2 /Applications/MAMP/htdocs/examensarbete/wordpress/wp-includes/plugin.php(517): WP_Hook->do_action(Array)
#3 /Applications/MAMP/htdocs/examensarbete/wordpress/wp-admin/admin-ajax.php(188): do_action('wp_ajax_rara_ec...')
#4 {main}
  thrown i /Applications/MAMP/htdocs/examensarbete/wordpress/wp-content/themes/rara-ecommerce-child/inc/custom-functions.php på rad 568

2024-01-10T16:35:57+00:00 CRITICAL Uncaught Error: Call to undefined function seva_get_fonts() in /Applications/MAMP/htdocs/examensarbete/wordpress/wp-content/themes/rara-ecommerce-child/inc/custom-functions.php:568
Stack trace:
#0 /Applications/MAMP/htdocs/examensarbete/wordpress/wp-includes/class-wp-hook.php(324): rara_ecommerce_dynamic_mce_css_ajax_callback('')
#1 /Applications/MAMP/htdocs/examensarbete/wordpress/wp-includes/class-wp-hook.php(348): WP_Hook->apply_filters('', Array)
#2 /Applications/MAMP/htdocs/examensarbete/wordpress/wp-includes/plugin.php(517): WP_Hook->do_action(Array)
#3 /Applications/MAMP/htdocs/examensarbete/wordpress/wp-admin/admin-ajax.php(188): do_action('wp_ajax_rara_ec...')
#4 {main}
  thrown i /Applications/MAMP/htdocs/examensarbete/wordpress/wp-content/themes/rara-ecommerce-child/inc/custom-functions.php på rad 568

2024-01-10T16:36:01+00:00 CRITICAL Uncaught Error: Call to undefined function seva_get_fonts() in /Applications/MAMP/htdocs/examensarbete/wordpress/wp-content/themes/rara-ecommerce-child/inc/custom-functions.php:568
Stack trace:
#0 /Applications/MAMP/htdocs/examensarbete/wordpress/wp-includes/class-wp-hook.php(324): rara_ecommerce_dynamic_mce_css_ajax_callback('')
#1 /Applications/MAMP/htdocs/examensarbete/wordpress/wp-includes/class-wp-hook.php(348): WP_Hook->apply_filters('', Array)
#2 /Applications/MAMP/htdocs/examensarbete/wordpress/wp-includes/plugin.php(517): WP_Hook->do_action(Array)
#3 /Applications/MAMP/htdocs/examensarbete/wordpress/wp-admin/admin-ajax.php(188): do_action('wp_ajax_rara_ec...')
#4 {main}
  thrown i /Applications/MAMP/htdocs/examensarbete/wordpress/wp-content/themes/rara-ecommerce-child/inc/custom-functions.php på rad 568

2024-01-10T16:37:14+00:00 CRITICAL Uncaught Error: Call to undefined function seva_get_fonts() in /Applications/MAMP/htdocs/examensarbete/wordpress/wp-content/themes/rara-ecommerce-child/inc/custom-functions.php:568
Stack trace:
#0 /Applications/MAMP/htdocs/examensarbete/wordpress/wp-includes/class-wp-hook.php(324): rara_ecommerce_dynamic_mce_css_ajax_callback('')
#1 /Applications/MAMP/htdocs/examensarbete/wordpress/wp-includes/class-wp-hook.php(348): WP_Hook->apply_filters('', Array)
#2 /Applications/MAMP/htdocs/examensarbete/wordpress/wp-includes/plugin.php(517): WP_Hook->do_action(Array)
#3 /Applications/MAMP/htdocs/examensarbete/wordpress/wp-admin/admin-ajax.php(188): do_action('wp_ajax_rara_ec...')
#4 {main}
  thrown i /Applications/MAMP/htdocs/examensarbete/wordpress/wp-content/themes/rara-ecommerce-child/inc/custom-functions.php på rad 568

2024-01-10T16:37:19+00:00 CRITICAL Uncaught Error: Call to undefined function seva_get_fonts() in /Applications/MAMP/htdocs/examensarbete/wordpress/wp-content/themes/rara-ecommerce-child/inc/custom-functions.php:568
Stack trace:
#0 /Applications/MAMP/htdocs/examensarbete/wordpress/wp-includes/class-wp-hook.php(324): rara_ecommerce_dynamic_mce_css_ajax_callback('')
#1 /Applications/MAMP/htdocs/examensarbete/wordpress/wp-includes/class-wp-hook.php(348): WP_Hook->apply_filters('', Array)
#2 /Applications/MAMP/htdocs/examensarbete/wordpress/wp-includes/plugin.php(517): WP_Hook->do_action(Array)
#3 /Applications/MAMP/htdocs/examensarbete/wordpress/wp-admin/admin-ajax.php(188): do_action('wp_ajax_rara_ec...')
#4 {main}
  thrown i /Applications/MAMP/htdocs/examensarbete/wordpress/wp-content/themes/rara-ecommerce-child/inc/custom-functions.php på rad 568

2024-01-10T16:40:10+00:00 CRITICAL Uncaught Error: Call to undefined function seva_get_fonts() in /Applications/MAMP/htdocs/examensarbete/wordpress/wp-content/themes/rara-ecommerce-child/inc/custom-functions.php:568
Stack trace:
#0 /Applications/MAMP/htdocs/examensarbete/wordpress/wp-includes/class-wp-hook.php(324): rara_ecommerce_dynamic_mce_css_ajax_callback('')
#1 /Applications/MAMP/htdocs/examensarbete/wordpress/wp-includes/class-wp-hook.php(348): WP_Hook->apply_filters('', Array)
#2 /Applications/MAMP/htdocs/examensarbete/wordpress/wp-includes/plugin.php(517): WP_Hook->do_action(Array)
#3 /Applications/MAMP/htdocs/examensarbete/wordpress/wp-admin/admin-ajax.php(188): do_action('wp_ajax_rara_ec...')
#4 {main}
  thrown i /Applications/MAMP/htdocs/examensarbete/wordpress/wp-content/themes/rara-ecommerce-child/inc/custom-functions.php på rad 568

2024-01-10T16:40:11+00:00 CRITICAL Uncaught Error: Call to undefined function seva_get_fonts() in /Applications/MAMP/htdocs/examensarbete/wordpress/wp-content/themes/rara-ecommerce-child/inc/custom-functions.php:568
Stack trace:
#0 /Applications/MAMP/htdocs/examensarbete/wordpress/wp-includes/class-wp-hook.php(324): rara_ecommerce_dynamic_mce_css_ajax_callback('')
#1 /Applications/MAMP/htdocs/examensarbete/wordpress/wp-includes/class-wp-hook.php(348): WP_Hook->apply_filters('', Array)
#2 /Applications/MAMP/htdocs/examensarbete/wordpress/wp-includes/plugin.php(517): WP_Hook->do_action(Array)
#3 /Applications/MAMP/htdocs/examensarbete/wordpress/wp-admin/admin-ajax.php(188): do_action('wp_ajax_rara_ec...')
#4 {main}
  thrown i /Applications/MAMP/htdocs/examensarbete/wordpress/wp-content/themes/rara-ecommerce-child/inc/custom-functions.php på rad 568

2024-01-10T16:49:56+00:00 CRITICAL Uncaught Error: Call to undefined function seva_get_fonts() in /Applications/MAMP/htdocs/examensarbete/wordpress/wp-content/themes/rara-ecommerce-child/inc/custom-functions.php:568
Stack trace:
#0 /Applications/MAMP/htdocs/examensarbete/wordpress/wp-includes/class-wp-hook.php(324): rara_ecommerce_dynamic_mce_css_ajax_callback('')
#1 /Applications/MAMP/htdocs/examensarbete/wordpress/wp-includes/class-wp-hook.php(348): WP_Hook->apply_filters('', Array)
#2 /Applications/MAMP/htdocs/examensarbete/wordpress/wp-includes/plugin.php(517): WP_Hook->do_action(Array)
#3 /Applications/MAMP/htdocs/examensarbete/wordpress/wp-admin/admin-ajax.php(188): do_action('wp_ajax_rara_ec...')
#4 {main}
  thrown i /Applications/MAMP/htdocs/examensarbete/wordpress/wp-content/themes/rara-ecommerce-child/inc/custom-functions.php på rad 568

2024-01-10T16:50:02+00:00 CRITICAL Uncaught Error: Call to undefined function seva_get_fonts() in /Applications/MAMP/htdocs/examensarbete/wordpress/wp-content/themes/rara-ecommerce-child/inc/custom-functions.php:568
Stack trace:
#0 /Applications/MAMP/htdocs/examensarbete/wordpress/wp-includes/class-wp-hook.php(324): rara_ecommerce_dynamic_mce_css_ajax_callback('')
#1 /Applications/MAMP/htdocs/examensarbete/wordpress/wp-includes/class-wp-hook.php(348): WP_Hook->apply_filters('', Array)
#2 /Applications/MAMP/htdocs/examensarbete/wordpress/wp-includes/plugin.php(517): WP_Hook->do_action(Array)
#3 /Applications/MAMP/htdocs/examensarbete/wordpress/wp-admin/admin-ajax.php(188): do_action('wp_ajax_rara_ec...')
#4 {main}
  thrown i /Applications/MAMP/htdocs/examensarbete/wordpress/wp-content/themes/rara-ecommerce-child/inc/custom-functions.php på rad 568

