2024-02-01T10:39:49+00:00 CRITICAL Uncaught Error: Call to undefined function seva_get_fonts() in /Applications/MAMP/htdocs/examensarbete/wordpress/wp-content/themes/rara-ecommerce-child/inc/custom-functions.php:568
Stack trace:
#0 /Applications/MAMP/htdocs/examensarbete/wordpress/wp-includes/class-wp-hook.php(324): rara_ecommerce_dynamic_mce_css_ajax_callback('')
#1 /Applications/MAMP/htdocs/examensarbete/wordpress/wp-includes/class-wp-hook.php(348): WP_Hook->apply_filters('', Array)
#2 /Applications/MAMP/htdocs/examensarbete/wordpress/wp-includes/plugin.php(517): WP_Hook->do_action(Array)
#3 /Applications/MAMP/htdocs/examensarbete/wordpress/wp-admin/admin-ajax.php(188): do_action('wp_ajax_rara_ec...')
#4 {main}
  thrown i /Applications/MAMP/htdocs/examensarbete/wordpress/wp-content/themes/rara-ecommerce-child/inc/custom-functions.php på rad 568

2024-02-01T10:40:07+00:00 CRITICAL Uncaught Error: Call to undefined function seva_get_fonts() in /Applications/MAMP/htdocs/examensarbete/wordpress/wp-content/themes/rara-ecommerce-child/inc/custom-functions.php:568
Stack trace:
#0 /Applications/MAMP/htdocs/examensarbete/wordpress/wp-includes/class-wp-hook.php(324): rara_ecommerce_dynamic_mce_css_ajax_callback('')
#1 /Applications/MAMP/htdocs/examensarbete/wordpress/wp-includes/class-wp-hook.php(348): WP_Hook->apply_filters('', Array)
#2 /Applications/MAMP/htdocs/examensarbete/wordpress/wp-includes/plugin.php(517): WP_Hook->do_action(Array)
#3 /Applications/MAMP/htdocs/examensarbete/wordpress/wp-admin/admin-ajax.php(188): do_action('wp_ajax_rara_ec...')
#4 {main}
  thrown i /Applications/MAMP/htdocs/examensarbete/wordpress/wp-content/themes/rara-ecommerce-child/inc/custom-functions.php på rad 568

2024-02-01T10:41:29+00:00 CRITICAL Uncaught Error: Call to undefined function seva_get_fonts() in /Applications/MAMP/htdocs/examensarbete/wordpress/wp-content/themes/rara-ecommerce-child/inc/custom-functions.php:568
Stack trace:
#0 /Applications/MAMP/htdocs/examensarbete/wordpress/wp-includes/class-wp-hook.php(324): rara_ecommerce_dynamic_mce_css_ajax_callback('')
#1 /Applications/MAMP/htdocs/examensarbete/wordpress/wp-includes/class-wp-hook.php(348): WP_Hook->apply_filters('', Array)
#2 /Applications/MAMP/htdocs/examensarbete/wordpress/wp-includes/plugin.php(517): WP_Hook->do_action(Array)
#3 /Applications/MAMP/htdocs/examensarbete/wordpress/wp-admin/admin-ajax.php(188): do_action('wp_ajax_rara_ec...')
#4 {main}
  thrown i /Applications/MAMP/htdocs/examensarbete/wordpress/wp-content/themes/rara-ecommerce-child/inc/custom-functions.php på rad 568

2024-02-01T10:41:34+00:00 CRITICAL Uncaught Error: Call to undefined function seva_get_fonts() in /Applications/MAMP/htdocs/examensarbete/wordpress/wp-content/themes/rara-ecommerce-child/inc/custom-functions.php:568
Stack trace:
#0 /Applications/MAMP/htdocs/examensarbete/wordpress/wp-includes/class-wp-hook.php(324): rara_ecommerce_dynamic_mce_css_ajax_callback('')
#1 /Applications/MAMP/htdocs/examensarbete/wordpress/wp-includes/class-wp-hook.php(348): WP_Hook->apply_filters('', Array)
#2 /Applications/MAMP/htdocs/examensarbete/wordpress/wp-includes/plugin.php(517): WP_Hook->do_action(Array)
#3 /Applications/MAMP/htdocs/examensarbete/wordpress/wp-admin/admin-ajax.php(188): do_action('wp_ajax_rara_ec...')
#4 {main}
  thrown i /Applications/MAMP/htdocs/examensarbete/wordpress/wp-content/themes/rara-ecommerce-child/inc/custom-functions.php på rad 568

2024-02-01T10:41:51+00:00 CRITICAL Uncaught Error: Call to undefined function seva_get_fonts() in /Applications/MAMP/htdocs/examensarbete/wordpress/wp-content/themes/rara-ecommerce-child/inc/custom-functions.php:568
Stack trace:
#0 /Applications/MAMP/htdocs/examensarbete/wordpress/wp-includes/class-wp-hook.php(324): rara_ecommerce_dynamic_mce_css_ajax_callback('')
#1 /Applications/MAMP/htdocs/examensarbete/wordpress/wp-includes/class-wp-hook.php(348): WP_Hook->apply_filters('', Array)
#2 /Applications/MAMP/htdocs/examensarbete/wordpress/wp-includes/plugin.php(517): WP_Hook->do_action(Array)
#3 /Applications/MAMP/htdocs/examensarbete/wordpress/wp-admin/admin-ajax.php(188): do_action('wp_ajax_rara_ec...')
#4 {main}
  thrown i /Applications/MAMP/htdocs/examensarbete/wordpress/wp-content/themes/rara-ecommerce-child/inc/custom-functions.php på rad 568

2024-02-01T10:41:54+00:00 CRITICAL Uncaught Error: Call to undefined function seva_get_fonts() in /Applications/MAMP/htdocs/examensarbete/wordpress/wp-content/themes/rara-ecommerce-child/inc/custom-functions.php:568
Stack trace:
#0 /Applications/MAMP/htdocs/examensarbete/wordpress/wp-includes/class-wp-hook.php(324): rara_ecommerce_dynamic_mce_css_ajax_callback('')
#1 /Applications/MAMP/htdocs/examensarbete/wordpress/wp-includes/class-wp-hook.php(348): WP_Hook->apply_filters('', Array)
#2 /Applications/MAMP/htdocs/examensarbete/wordpress/wp-includes/plugin.php(517): WP_Hook->do_action(Array)
#3 /Applications/MAMP/htdocs/examensarbete/wordpress/wp-admin/admin-ajax.php(188): do_action('wp_ajax_rara_ec...')
#4 {main}
  thrown i /Applications/MAMP/htdocs/examensarbete/wordpress/wp-content/themes/rara-ecommerce-child/inc/custom-functions.php på rad 568

2024-02-01T10:42:15+00:00 CRITICAL Uncaught Error: Call to undefined function seva_get_fonts() in /Applications/MAMP/htdocs/examensarbete/wordpress/wp-content/themes/rara-ecommerce-child/inc/custom-functions.php:568
Stack trace:
#0 /Applications/MAMP/htdocs/examensarbete/wordpress/wp-includes/class-wp-hook.php(324): rara_ecommerce_dynamic_mce_css_ajax_callback('')
#1 /Applications/MAMP/htdocs/examensarbete/wordpress/wp-includes/class-wp-hook.php(348): WP_Hook->apply_filters('', Array)
#2 /Applications/MAMP/htdocs/examensarbete/wordpress/wp-includes/plugin.php(517): WP_Hook->do_action(Array)
#3 /Applications/MAMP/htdocs/examensarbete/wordpress/wp-admin/admin-ajax.php(188): do_action('wp_ajax_rara_ec...')
#4 {main}
  thrown i /Applications/MAMP/htdocs/examensarbete/wordpress/wp-content/themes/rara-ecommerce-child/inc/custom-functions.php på rad 568

2024-02-01T10:42:18+00:00 CRITICAL Uncaught Error: Call to undefined function seva_get_fonts() in /Applications/MAMP/htdocs/examensarbete/wordpress/wp-content/themes/rara-ecommerce-child/inc/custom-functions.php:568
Stack trace:
#0 /Applications/MAMP/htdocs/examensarbete/wordpress/wp-includes/class-wp-hook.php(324): rara_ecommerce_dynamic_mce_css_ajax_callback('')
#1 /Applications/MAMP/htdocs/examensarbete/wordpress/wp-includes/class-wp-hook.php(348): WP_Hook->apply_filters('', Array)
#2 /Applications/MAMP/htdocs/examensarbete/wordpress/wp-includes/plugin.php(517): WP_Hook->do_action(Array)
#3 /Applications/MAMP/htdocs/examensarbete/wordpress/wp-admin/admin-ajax.php(188): do_action('wp_ajax_rara_ec...')
#4 {main}
  thrown i /Applications/MAMP/htdocs/examensarbete/wordpress/wp-content/themes/rara-ecommerce-child/inc/custom-functions.php på rad 568

2024-02-01T10:45:38+00:00 CRITICAL Uncaught Error: Call to undefined function seva_get_fonts() in /Applications/MAMP/htdocs/examensarbete/wordpress/wp-content/themes/rara-ecommerce-child/inc/custom-functions.php:568
Stack trace:
#0 /Applications/MAMP/htdocs/examensarbete/wordpress/wp-includes/class-wp-hook.php(324): rara_ecommerce_dynamic_mce_css_ajax_callback('')
#1 /Applications/MAMP/htdocs/examensarbete/wordpress/wp-includes/class-wp-hook.php(348): WP_Hook->apply_filters('', Array)
#2 /Applications/MAMP/htdocs/examensarbete/wordpress/wp-includes/plugin.php(517): WP_Hook->do_action(Array)
#3 /Applications/MAMP/htdocs/examensarbete/wordpress/wp-admin/admin-ajax.php(188): do_action('wp_ajax_rara_ec...')
#4 {main}
  thrown i /Applications/MAMP/htdocs/examensarbete/wordpress/wp-content/themes/rara-ecommerce-child/inc/custom-functions.php på rad 568

2024-02-01T10:45:40+00:00 CRITICAL Uncaught Error: Call to undefined function seva_get_fonts() in /Applications/MAMP/htdocs/examensarbete/wordpress/wp-content/themes/rara-ecommerce-child/inc/custom-functions.php:568
Stack trace:
#0 /Applications/MAMP/htdocs/examensarbete/wordpress/wp-includes/class-wp-hook.php(324): rara_ecommerce_dynamic_mce_css_ajax_callback('')
#1 /Applications/MAMP/htdocs/examensarbete/wordpress/wp-includes/class-wp-hook.php(348): WP_Hook->apply_filters('', Array)
#2 /Applications/MAMP/htdocs/examensarbete/wordpress/wp-includes/plugin.php(517): WP_Hook->do_action(Array)
#3 /Applications/MAMP/htdocs/examensarbete/wordpress/wp-admin/admin-ajax.php(188): do_action('wp_ajax_rara_ec...')
#4 {main}
  thrown i /Applications/MAMP/htdocs/examensarbete/wordpress/wp-content/themes/rara-ecommerce-child/inc/custom-functions.php på rad 568

2024-02-01T11:18:44+00:00 CRITICAL Uncaught Error: Call to undefined function seva_get_fonts() in /Applications/MAMP/htdocs/examensarbete/wordpress/wp-content/themes/rara-ecommerce-child/inc/custom-functions.php:568
Stack trace:
#0 /Applications/MAMP/htdocs/examensarbete/wordpress/wp-includes/class-wp-hook.php(324): rara_ecommerce_dynamic_mce_css_ajax_callback('')
#1 /Applications/MAMP/htdocs/examensarbete/wordpress/wp-includes/class-wp-hook.php(348): WP_Hook->apply_filters('', Array)
#2 /Applications/MAMP/htdocs/examensarbete/wordpress/wp-includes/plugin.php(517): WP_Hook->do_action(Array)
#3 /Applications/MAMP/htdocs/examensarbete/wordpress/wp-admin/admin-ajax.php(188): do_action('wp_ajax_rara_ec...')
#4 {main}
  thrown i /Applications/MAMP/htdocs/examensarbete/wordpress/wp-content/themes/rara-ecommerce-child/inc/custom-functions.php på rad 568

2024-02-01T11:18:48+00:00 CRITICAL Uncaught Error: Call to undefined function seva_get_fonts() in /Applications/MAMP/htdocs/examensarbete/wordpress/wp-content/themes/rara-ecommerce-child/inc/custom-functions.php:568
Stack trace:
#0 /Applications/MAMP/htdocs/examensarbete/wordpress/wp-includes/class-wp-hook.php(324): rara_ecommerce_dynamic_mce_css_ajax_callback('')
#1 /Applications/MAMP/htdocs/examensarbete/wordpress/wp-includes/class-wp-hook.php(348): WP_Hook->apply_filters('', Array)
#2 /Applications/MAMP/htdocs/examensarbete/wordpress/wp-includes/plugin.php(517): WP_Hook->do_action(Array)
#3 /Applications/MAMP/htdocs/examensarbete/wordpress/wp-admin/admin-ajax.php(188): do_action('wp_ajax_rara_ec...')
#4 {main}
  thrown i /Applications/MAMP/htdocs/examensarbete/wordpress/wp-content/themes/rara-ecommerce-child/inc/custom-functions.php på rad 568

