2024-01-26T14:28:47+00:00 CRITICAL Uncaught Error: Call to undefined function seva_get_fonts() in /Applications/MAMP/htdocs/examensarbete/wordpress/wp-content/themes/rara-ecommerce-child/inc/custom-functions.php:568
Stack trace:
#0 /Applications/MAMP/htdocs/examensarbete/wordpress/wp-includes/class-wp-hook.php(324): rara_ecommerce_dynamic_mce_css_ajax_callback('')
#1 /Applications/MAMP/htdocs/examensarbete/wordpress/wp-includes/class-wp-hook.php(348): WP_Hook->apply_filters('', Array)
#2 /Applications/MAMP/htdocs/examensarbete/wordpress/wp-includes/plugin.php(517): WP_Hook->do_action(Array)
#3 /Applications/MAMP/htdocs/examensarbete/wordpress/wp-admin/admin-ajax.php(188): do_action('wp_ajax_rara_ec...')
#4 {main}
  thrown i /Applications/MAMP/htdocs/examensarbete/wordpress/wp-content/themes/rara-ecommerce-child/inc/custom-functions.php på rad 568

2024-01-26T14:28:50+00:00 CRITICAL Uncaught Error: Call to undefined function seva_get_fonts() in /Applications/MAMP/htdocs/examensarbete/wordpress/wp-content/themes/rara-ecommerce-child/inc/custom-functions.php:568
Stack trace:
#0 /Applications/MAMP/htdocs/examensarbete/wordpress/wp-includes/class-wp-hook.php(324): rara_ecommerce_dynamic_mce_css_ajax_callback('')
#1 /Applications/MAMP/htdocs/examensarbete/wordpress/wp-includes/class-wp-hook.php(348): WP_Hook->apply_filters('', Array)
#2 /Applications/MAMP/htdocs/examensarbete/wordpress/wp-includes/plugin.php(517): WP_Hook->do_action(Array)
#3 /Applications/MAMP/htdocs/examensarbete/wordpress/wp-admin/admin-ajax.php(188): do_action('wp_ajax_rara_ec...')
#4 {main}
  thrown i /Applications/MAMP/htdocs/examensarbete/wordpress/wp-content/themes/rara-ecommerce-child/inc/custom-functions.php på rad 568

2024-01-26T14:30:50+00:00 CRITICAL Uncaught Error: Call to undefined function seva_get_fonts() in /Applications/MAMP/htdocs/examensarbete/wordpress/wp-content/themes/rara-ecommerce-child/inc/custom-functions.php:568
Stack trace:
#0 /Applications/MAMP/htdocs/examensarbete/wordpress/wp-includes/class-wp-hook.php(324): rara_ecommerce_dynamic_mce_css_ajax_callback('')
#1 /Applications/MAMP/htdocs/examensarbete/wordpress/wp-includes/class-wp-hook.php(348): WP_Hook->apply_filters('', Array)
#2 /Applications/MAMP/htdocs/examensarbete/wordpress/wp-includes/plugin.php(517): WP_Hook->do_action(Array)
#3 /Applications/MAMP/htdocs/examensarbete/wordpress/wp-admin/admin-ajax.php(188): do_action('wp_ajax_rara_ec...')
#4 {main}
  thrown i /Applications/MAMP/htdocs/examensarbete/wordpress/wp-content/themes/rara-ecommerce-child/inc/custom-functions.php på rad 568

2024-01-26T14:30:54+00:00 CRITICAL Uncaught Error: Call to undefined function seva_get_fonts() in /Applications/MAMP/htdocs/examensarbete/wordpress/wp-content/themes/rara-ecommerce-child/inc/custom-functions.php:568
Stack trace:
#0 /Applications/MAMP/htdocs/examensarbete/wordpress/wp-includes/class-wp-hook.php(324): rara_ecommerce_dynamic_mce_css_ajax_callback('')
#1 /Applications/MAMP/htdocs/examensarbete/wordpress/wp-includes/class-wp-hook.php(348): WP_Hook->apply_filters('', Array)
#2 /Applications/MAMP/htdocs/examensarbete/wordpress/wp-includes/plugin.php(517): WP_Hook->do_action(Array)
#3 /Applications/MAMP/htdocs/examensarbete/wordpress/wp-admin/admin-ajax.php(188): do_action('wp_ajax_rara_ec...')
#4 {main}
  thrown i /Applications/MAMP/htdocs/examensarbete/wordpress/wp-content/themes/rara-ecommerce-child/inc/custom-functions.php på rad 568

2024-01-26T14:31:03+00:00 CRITICAL Uncaught Error: Call to undefined function seva_get_fonts() in /Applications/MAMP/htdocs/examensarbete/wordpress/wp-content/themes/rara-ecommerce-child/inc/custom-functions.php:568
Stack trace:
#0 /Applications/MAMP/htdocs/examensarbete/wordpress/wp-includes/class-wp-hook.php(324): rara_ecommerce_dynamic_mce_css_ajax_callback('')
#1 /Applications/MAMP/htdocs/examensarbete/wordpress/wp-includes/class-wp-hook.php(348): WP_Hook->apply_filters('', Array)
#2 /Applications/MAMP/htdocs/examensarbete/wordpress/wp-includes/plugin.php(517): WP_Hook->do_action(Array)
#3 /Applications/MAMP/htdocs/examensarbete/wordpress/wp-admin/admin-ajax.php(188): do_action('wp_ajax_rara_ec...')
#4 {main}
  thrown i /Applications/MAMP/htdocs/examensarbete/wordpress/wp-content/themes/rara-ecommerce-child/inc/custom-functions.php på rad 568

2024-01-26T14:31:05+00:00 CRITICAL Uncaught Error: Call to undefined function seva_get_fonts() in /Applications/MAMP/htdocs/examensarbete/wordpress/wp-content/themes/rara-ecommerce-child/inc/custom-functions.php:568
Stack trace:
#0 /Applications/MAMP/htdocs/examensarbete/wordpress/wp-includes/class-wp-hook.php(324): rara_ecommerce_dynamic_mce_css_ajax_callback('')
#1 /Applications/MAMP/htdocs/examensarbete/wordpress/wp-includes/class-wp-hook.php(348): WP_Hook->apply_filters('', Array)
#2 /Applications/MAMP/htdocs/examensarbete/wordpress/wp-includes/plugin.php(517): WP_Hook->do_action(Array)
#3 /Applications/MAMP/htdocs/examensarbete/wordpress/wp-admin/admin-ajax.php(188): do_action('wp_ajax_rara_ec...')
#4 {main}
  thrown i /Applications/MAMP/htdocs/examensarbete/wordpress/wp-content/themes/rara-ecommerce-child/inc/custom-functions.php på rad 568

2024-01-26T14:32:42+00:00 CRITICAL Uncaught Error: Call to undefined function seva_get_fonts() in /Applications/MAMP/htdocs/examensarbete/wordpress/wp-content/themes/rara-ecommerce-child/inc/custom-functions.php:568
Stack trace:
#0 /Applications/MAMP/htdocs/examensarbete/wordpress/wp-includes/class-wp-hook.php(324): rara_ecommerce_dynamic_mce_css_ajax_callback('')
#1 /Applications/MAMP/htdocs/examensarbete/wordpress/wp-includes/class-wp-hook.php(348): WP_Hook->apply_filters('', Array)
#2 /Applications/MAMP/htdocs/examensarbete/wordpress/wp-includes/plugin.php(517): WP_Hook->do_action(Array)
#3 /Applications/MAMP/htdocs/examensarbete/wordpress/wp-admin/admin-ajax.php(188): do_action('wp_ajax_rara_ec...')
#4 {main}
  thrown i /Applications/MAMP/htdocs/examensarbete/wordpress/wp-content/themes/rara-ecommerce-child/inc/custom-functions.php på rad 568

2024-01-26T14:32:45+00:00 CRITICAL Uncaught Error: Call to undefined function seva_get_fonts() in /Applications/MAMP/htdocs/examensarbete/wordpress/wp-content/themes/rara-ecommerce-child/inc/custom-functions.php:568
Stack trace:
#0 /Applications/MAMP/htdocs/examensarbete/wordpress/wp-includes/class-wp-hook.php(324): rara_ecommerce_dynamic_mce_css_ajax_callback('')
#1 /Applications/MAMP/htdocs/examensarbete/wordpress/wp-includes/class-wp-hook.php(348): WP_Hook->apply_filters('', Array)
#2 /Applications/MAMP/htdocs/examensarbete/wordpress/wp-includes/plugin.php(517): WP_Hook->do_action(Array)
#3 /Applications/MAMP/htdocs/examensarbete/wordpress/wp-admin/admin-ajax.php(188): do_action('wp_ajax_rara_ec...')
#4 {main}
  thrown i /Applications/MAMP/htdocs/examensarbete/wordpress/wp-content/themes/rara-ecommerce-child/inc/custom-functions.php på rad 568

2024-01-26T14:33:03+00:00 CRITICAL Uncaught Error: Call to undefined function seva_get_fonts() in /Applications/MAMP/htdocs/examensarbete/wordpress/wp-content/themes/rara-ecommerce-child/inc/custom-functions.php:568
Stack trace:
#0 /Applications/MAMP/htdocs/examensarbete/wordpress/wp-includes/class-wp-hook.php(324): rara_ecommerce_dynamic_mce_css_ajax_callback('')
#1 /Applications/MAMP/htdocs/examensarbete/wordpress/wp-includes/class-wp-hook.php(348): WP_Hook->apply_filters('', Array)
#2 /Applications/MAMP/htdocs/examensarbete/wordpress/wp-includes/plugin.php(517): WP_Hook->do_action(Array)
#3 /Applications/MAMP/htdocs/examensarbete/wordpress/wp-admin/admin-ajax.php(188): do_action('wp_ajax_rara_ec...')
#4 {main}
  thrown i /Applications/MAMP/htdocs/examensarbete/wordpress/wp-content/themes/rara-ecommerce-child/inc/custom-functions.php på rad 568

2024-01-26T14:33:09+00:00 CRITICAL Uncaught Error: Call to undefined function seva_get_fonts() in /Applications/MAMP/htdocs/examensarbete/wordpress/wp-content/themes/rara-ecommerce-child/inc/custom-functions.php:568
Stack trace:
#0 /Applications/MAMP/htdocs/examensarbete/wordpress/wp-includes/class-wp-hook.php(324): rara_ecommerce_dynamic_mce_css_ajax_callback('')
#1 /Applications/MAMP/htdocs/examensarbete/wordpress/wp-includes/class-wp-hook.php(348): WP_Hook->apply_filters('', Array)
#2 /Applications/MAMP/htdocs/examensarbete/wordpress/wp-includes/plugin.php(517): WP_Hook->do_action(Array)
#3 /Applications/MAMP/htdocs/examensarbete/wordpress/wp-admin/admin-ajax.php(188): do_action('wp_ajax_rara_ec...')
#4 {main}
  thrown i /Applications/MAMP/htdocs/examensarbete/wordpress/wp-content/themes/rara-ecommerce-child/inc/custom-functions.php på rad 568

2024-01-26T14:33:52+00:00 CRITICAL Uncaught Error: Call to undefined function seva_get_fonts() in /Applications/MAMP/htdocs/examensarbete/wordpress/wp-content/themes/rara-ecommerce-child/inc/custom-functions.php:568
Stack trace:
#0 /Applications/MAMP/htdocs/examensarbete/wordpress/wp-includes/class-wp-hook.php(324): rara_ecommerce_dynamic_mce_css_ajax_callback('')
#1 /Applications/MAMP/htdocs/examensarbete/wordpress/wp-includes/class-wp-hook.php(348): WP_Hook->apply_filters('', Array)
#2 /Applications/MAMP/htdocs/examensarbete/wordpress/wp-includes/plugin.php(517): WP_Hook->do_action(Array)
#3 /Applications/MAMP/htdocs/examensarbete/wordpress/wp-admin/admin-ajax.php(188): do_action('wp_ajax_rara_ec...')
#4 {main}
  thrown i /Applications/MAMP/htdocs/examensarbete/wordpress/wp-content/themes/rara-ecommerce-child/inc/custom-functions.php på rad 568

2024-01-26T14:33:54+00:00 CRITICAL Uncaught Error: Call to undefined function seva_get_fonts() in /Applications/MAMP/htdocs/examensarbete/wordpress/wp-content/themes/rara-ecommerce-child/inc/custom-functions.php:568
Stack trace:
#0 /Applications/MAMP/htdocs/examensarbete/wordpress/wp-includes/class-wp-hook.php(324): rara_ecommerce_dynamic_mce_css_ajax_callback('')
#1 /Applications/MAMP/htdocs/examensarbete/wordpress/wp-includes/class-wp-hook.php(348): WP_Hook->apply_filters('', Array)
#2 /Applications/MAMP/htdocs/examensarbete/wordpress/wp-includes/plugin.php(517): WP_Hook->do_action(Array)
#3 /Applications/MAMP/htdocs/examensarbete/wordpress/wp-admin/admin-ajax.php(188): do_action('wp_ajax_rara_ec...')
#4 {main}
  thrown i /Applications/MAMP/htdocs/examensarbete/wordpress/wp-content/themes/rara-ecommerce-child/inc/custom-functions.php på rad 568

2024-01-26T14:34:04+00:00 CRITICAL Uncaught Error: Call to undefined function seva_get_fonts() in /Applications/MAMP/htdocs/examensarbete/wordpress/wp-content/themes/rara-ecommerce-child/inc/custom-functions.php:568
Stack trace:
#0 /Applications/MAMP/htdocs/examensarbete/wordpress/wp-includes/class-wp-hook.php(324): rara_ecommerce_dynamic_mce_css_ajax_callback('')
#1 /Applications/MAMP/htdocs/examensarbete/wordpress/wp-includes/class-wp-hook.php(348): WP_Hook->apply_filters('', Array)
#2 /Applications/MAMP/htdocs/examensarbete/wordpress/wp-includes/plugin.php(517): WP_Hook->do_action(Array)
#3 /Applications/MAMP/htdocs/examensarbete/wordpress/wp-admin/admin-ajax.php(188): do_action('wp_ajax_rara_ec...')
#4 {main}
  thrown i /Applications/MAMP/htdocs/examensarbete/wordpress/wp-content/themes/rara-ecommerce-child/inc/custom-functions.php på rad 568

2024-01-26T14:34:06+00:00 CRITICAL Uncaught Error: Call to undefined function seva_get_fonts() in /Applications/MAMP/htdocs/examensarbete/wordpress/wp-content/themes/rara-ecommerce-child/inc/custom-functions.php:568
Stack trace:
#0 /Applications/MAMP/htdocs/examensarbete/wordpress/wp-includes/class-wp-hook.php(324): rara_ecommerce_dynamic_mce_css_ajax_callback('')
#1 /Applications/MAMP/htdocs/examensarbete/wordpress/wp-includes/class-wp-hook.php(348): WP_Hook->apply_filters('', Array)
#2 /Applications/MAMP/htdocs/examensarbete/wordpress/wp-includes/plugin.php(517): WP_Hook->do_action(Array)
#3 /Applications/MAMP/htdocs/examensarbete/wordpress/wp-admin/admin-ajax.php(188): do_action('wp_ajax_rara_ec...')
#4 {main}
  thrown i /Applications/MAMP/htdocs/examensarbete/wordpress/wp-content/themes/rara-ecommerce-child/inc/custom-functions.php på rad 568

2024-01-26T14:35:13+00:00 CRITICAL Uncaught Error: Call to undefined function seva_get_fonts() in /Applications/MAMP/htdocs/examensarbete/wordpress/wp-content/themes/rara-ecommerce-child/inc/custom-functions.php:568
Stack trace:
#0 /Applications/MAMP/htdocs/examensarbete/wordpress/wp-includes/class-wp-hook.php(324): rara_ecommerce_dynamic_mce_css_ajax_callback('')
#1 /Applications/MAMP/htdocs/examensarbete/wordpress/wp-includes/class-wp-hook.php(348): WP_Hook->apply_filters('', Array)
#2 /Applications/MAMP/htdocs/examensarbete/wordpress/wp-includes/plugin.php(517): WP_Hook->do_action(Array)
#3 /Applications/MAMP/htdocs/examensarbete/wordpress/wp-admin/admin-ajax.php(188): do_action('wp_ajax_rara_ec...')
#4 {main}
  thrown i /Applications/MAMP/htdocs/examensarbete/wordpress/wp-content/themes/rara-ecommerce-child/inc/custom-functions.php på rad 568

2024-01-26T14:35:15+00:00 CRITICAL Uncaught Error: Call to undefined function seva_get_fonts() in /Applications/MAMP/htdocs/examensarbete/wordpress/wp-content/themes/rara-ecommerce-child/inc/custom-functions.php:568
Stack trace:
#0 /Applications/MAMP/htdocs/examensarbete/wordpress/wp-includes/class-wp-hook.php(324): rara_ecommerce_dynamic_mce_css_ajax_callback('')
#1 /Applications/MAMP/htdocs/examensarbete/wordpress/wp-includes/class-wp-hook.php(348): WP_Hook->apply_filters('', Array)
#2 /Applications/MAMP/htdocs/examensarbete/wordpress/wp-includes/plugin.php(517): WP_Hook->do_action(Array)
#3 /Applications/MAMP/htdocs/examensarbete/wordpress/wp-admin/admin-ajax.php(188): do_action('wp_ajax_rara_ec...')
#4 {main}
  thrown i /Applications/MAMP/htdocs/examensarbete/wordpress/wp-content/themes/rara-ecommerce-child/inc/custom-functions.php på rad 568

2024-01-26T14:35:32+00:00 CRITICAL Uncaught Error: Call to undefined function seva_get_fonts() in /Applications/MAMP/htdocs/examensarbete/wordpress/wp-content/themes/rara-ecommerce-child/inc/custom-functions.php:568
Stack trace:
#0 /Applications/MAMP/htdocs/examensarbete/wordpress/wp-includes/class-wp-hook.php(324): rara_ecommerce_dynamic_mce_css_ajax_callback('')
#1 /Applications/MAMP/htdocs/examensarbete/wordpress/wp-includes/class-wp-hook.php(348): WP_Hook->apply_filters('', Array)
#2 /Applications/MAMP/htdocs/examensarbete/wordpress/wp-includes/plugin.php(517): WP_Hook->do_action(Array)
#3 /Applications/MAMP/htdocs/examensarbete/wordpress/wp-admin/admin-ajax.php(188): do_action('wp_ajax_rara_ec...')
#4 {main}
  thrown i /Applications/MAMP/htdocs/examensarbete/wordpress/wp-content/themes/rara-ecommerce-child/inc/custom-functions.php på rad 568

2024-01-26T14:35:34+00:00 CRITICAL Uncaught Error: Call to undefined function seva_get_fonts() in /Applications/MAMP/htdocs/examensarbete/wordpress/wp-content/themes/rara-ecommerce-child/inc/custom-functions.php:568
Stack trace:
#0 /Applications/MAMP/htdocs/examensarbete/wordpress/wp-includes/class-wp-hook.php(324): rara_ecommerce_dynamic_mce_css_ajax_callback('')
#1 /Applications/MAMP/htdocs/examensarbete/wordpress/wp-includes/class-wp-hook.php(348): WP_Hook->apply_filters('', Array)
#2 /Applications/MAMP/htdocs/examensarbete/wordpress/wp-includes/plugin.php(517): WP_Hook->do_action(Array)
#3 /Applications/MAMP/htdocs/examensarbete/wordpress/wp-admin/admin-ajax.php(188): do_action('wp_ajax_rara_ec...')
#4 {main}
  thrown i /Applications/MAMP/htdocs/examensarbete/wordpress/wp-content/themes/rara-ecommerce-child/inc/custom-functions.php på rad 568

2024-01-26T14:38:13+00:00 CRITICAL Uncaught Error: Call to undefined function seva_get_fonts() in /Applications/MAMP/htdocs/examensarbete/wordpress/wp-content/themes/rara-ecommerce-child/inc/custom-functions.php:568
Stack trace:
#0 /Applications/MAMP/htdocs/examensarbete/wordpress/wp-includes/class-wp-hook.php(324): rara_ecommerce_dynamic_mce_css_ajax_callback('')
#1 /Applications/MAMP/htdocs/examensarbete/wordpress/wp-includes/class-wp-hook.php(348): WP_Hook->apply_filters('', Array)
#2 /Applications/MAMP/htdocs/examensarbete/wordpress/wp-includes/plugin.php(517): WP_Hook->do_action(Array)
#3 /Applications/MAMP/htdocs/examensarbete/wordpress/wp-admin/admin-ajax.php(188): do_action('wp_ajax_rara_ec...')
#4 {main}
  thrown i /Applications/MAMP/htdocs/examensarbete/wordpress/wp-content/themes/rara-ecommerce-child/inc/custom-functions.php på rad 568

2024-01-26T14:38:17+00:00 CRITICAL Uncaught Error: Call to undefined function seva_get_fonts() in /Applications/MAMP/htdocs/examensarbete/wordpress/wp-content/themes/rara-ecommerce-child/inc/custom-functions.php:568
Stack trace:
#0 /Applications/MAMP/htdocs/examensarbete/wordpress/wp-includes/class-wp-hook.php(324): rara_ecommerce_dynamic_mce_css_ajax_callback('')
#1 /Applications/MAMP/htdocs/examensarbete/wordpress/wp-includes/class-wp-hook.php(348): WP_Hook->apply_filters('', Array)
#2 /Applications/MAMP/htdocs/examensarbete/wordpress/wp-includes/plugin.php(517): WP_Hook->do_action(Array)
#3 /Applications/MAMP/htdocs/examensarbete/wordpress/wp-admin/admin-ajax.php(188): do_action('wp_ajax_rara_ec...')
#4 {main}
  thrown i /Applications/MAMP/htdocs/examensarbete/wordpress/wp-content/themes/rara-ecommerce-child/inc/custom-functions.php på rad 568

2024-01-26T14:38:33+00:00 CRITICAL Uncaught Error: Call to undefined function seva_get_fonts() in /Applications/MAMP/htdocs/examensarbete/wordpress/wp-content/themes/rara-ecommerce-child/inc/custom-functions.php:568
Stack trace:
#0 /Applications/MAMP/htdocs/examensarbete/wordpress/wp-includes/class-wp-hook.php(324): rara_ecommerce_dynamic_mce_css_ajax_callback('')
#1 /Applications/MAMP/htdocs/examensarbete/wordpress/wp-includes/class-wp-hook.php(348): WP_Hook->apply_filters('', Array)
#2 /Applications/MAMP/htdocs/examensarbete/wordpress/wp-includes/plugin.php(517): WP_Hook->do_action(Array)
#3 /Applications/MAMP/htdocs/examensarbete/wordpress/wp-admin/admin-ajax.php(188): do_action('wp_ajax_rara_ec...')
#4 {main}
  thrown i /Applications/MAMP/htdocs/examensarbete/wordpress/wp-content/themes/rara-ecommerce-child/inc/custom-functions.php på rad 568

2024-01-26T14:38:36+00:00 CRITICAL Uncaught Error: Call to undefined function seva_get_fonts() in /Applications/MAMP/htdocs/examensarbete/wordpress/wp-content/themes/rara-ecommerce-child/inc/custom-functions.php:568
Stack trace:
#0 /Applications/MAMP/htdocs/examensarbete/wordpress/wp-includes/class-wp-hook.php(324): rara_ecommerce_dynamic_mce_css_ajax_callback('')
#1 /Applications/MAMP/htdocs/examensarbete/wordpress/wp-includes/class-wp-hook.php(348): WP_Hook->apply_filters('', Array)
#2 /Applications/MAMP/htdocs/examensarbete/wordpress/wp-includes/plugin.php(517): WP_Hook->do_action(Array)
#3 /Applications/MAMP/htdocs/examensarbete/wordpress/wp-admin/admin-ajax.php(188): do_action('wp_ajax_rara_ec...')
#4 {main}
  thrown i /Applications/MAMP/htdocs/examensarbete/wordpress/wp-content/themes/rara-ecommerce-child/inc/custom-functions.php på rad 568

2024-01-26T14:39:19+00:00 CRITICAL Uncaught Error: Call to undefined function seva_get_fonts() in /Applications/MAMP/htdocs/examensarbete/wordpress/wp-content/themes/rara-ecommerce-child/inc/custom-functions.php:568
Stack trace:
#0 /Applications/MAMP/htdocs/examensarbete/wordpress/wp-includes/class-wp-hook.php(324): rara_ecommerce_dynamic_mce_css_ajax_callback('')
#1 /Applications/MAMP/htdocs/examensarbete/wordpress/wp-includes/class-wp-hook.php(348): WP_Hook->apply_filters('', Array)
#2 /Applications/MAMP/htdocs/examensarbete/wordpress/wp-includes/plugin.php(517): WP_Hook->do_action(Array)
#3 /Applications/MAMP/htdocs/examensarbete/wordpress/wp-admin/admin-ajax.php(188): do_action('wp_ajax_rara_ec...')
#4 {main}
  thrown i /Applications/MAMP/htdocs/examensarbete/wordpress/wp-content/themes/rara-ecommerce-child/inc/custom-functions.php på rad 568

2024-01-26T14:39:22+00:00 CRITICAL Uncaught Error: Call to undefined function seva_get_fonts() in /Applications/MAMP/htdocs/examensarbete/wordpress/wp-content/themes/rara-ecommerce-child/inc/custom-functions.php:568
Stack trace:
#0 /Applications/MAMP/htdocs/examensarbete/wordpress/wp-includes/class-wp-hook.php(324): rara_ecommerce_dynamic_mce_css_ajax_callback('')
#1 /Applications/MAMP/htdocs/examensarbete/wordpress/wp-includes/class-wp-hook.php(348): WP_Hook->apply_filters('', Array)
#2 /Applications/MAMP/htdocs/examensarbete/wordpress/wp-includes/plugin.php(517): WP_Hook->do_action(Array)
#3 /Applications/MAMP/htdocs/examensarbete/wordpress/wp-admin/admin-ajax.php(188): do_action('wp_ajax_rara_ec...')
#4 {main}
  thrown i /Applications/MAMP/htdocs/examensarbete/wordpress/wp-content/themes/rara-ecommerce-child/inc/custom-functions.php på rad 568

2024-01-26T14:40:03+00:00 CRITICAL Uncaught Error: Call to undefined function seva_get_fonts() in /Applications/MAMP/htdocs/examensarbete/wordpress/wp-content/themes/rara-ecommerce-child/inc/custom-functions.php:568
Stack trace:
#0 /Applications/MAMP/htdocs/examensarbete/wordpress/wp-includes/class-wp-hook.php(324): rara_ecommerce_dynamic_mce_css_ajax_callback('')
#1 /Applications/MAMP/htdocs/examensarbete/wordpress/wp-includes/class-wp-hook.php(348): WP_Hook->apply_filters('', Array)
#2 /Applications/MAMP/htdocs/examensarbete/wordpress/wp-includes/plugin.php(517): WP_Hook->do_action(Array)
#3 /Applications/MAMP/htdocs/examensarbete/wordpress/wp-admin/admin-ajax.php(188): do_action('wp_ajax_rara_ec...')
#4 {main}
  thrown i /Applications/MAMP/htdocs/examensarbete/wordpress/wp-content/themes/rara-ecommerce-child/inc/custom-functions.php på rad 568

2024-01-26T14:40:06+00:00 CRITICAL Uncaught Error: Call to undefined function seva_get_fonts() in /Applications/MAMP/htdocs/examensarbete/wordpress/wp-content/themes/rara-ecommerce-child/inc/custom-functions.php:568
Stack trace:
#0 /Applications/MAMP/htdocs/examensarbete/wordpress/wp-includes/class-wp-hook.php(324): rara_ecommerce_dynamic_mce_css_ajax_callback('')
#1 /Applications/MAMP/htdocs/examensarbete/wordpress/wp-includes/class-wp-hook.php(348): WP_Hook->apply_filters('', Array)
#2 /Applications/MAMP/htdocs/examensarbete/wordpress/wp-includes/plugin.php(517): WP_Hook->do_action(Array)
#3 /Applications/MAMP/htdocs/examensarbete/wordpress/wp-admin/admin-ajax.php(188): do_action('wp_ajax_rara_ec...')
#4 {main}
  thrown i /Applications/MAMP/htdocs/examensarbete/wordpress/wp-content/themes/rara-ecommerce-child/inc/custom-functions.php på rad 568

