2024-01-22T08:07:16+00:00 CRITICAL Uncaught Error: Call to undefined function seva_get_fonts() in /Applications/MAMP/htdocs/examensarbete/wordpress/wp-content/themes/rara-ecommerce-child/inc/custom-functions.php:568
Stack trace:
#0 /Applications/MAMP/htdocs/examensarbete/wordpress/wp-includes/class-wp-hook.php(324): rara_ecommerce_dynamic_mce_css_ajax_callback('')
#1 /Applications/MAMP/htdocs/examensarbete/wordpress/wp-includes/class-wp-hook.php(348): WP_Hook->apply_filters('', Array)
#2 /Applications/MAMP/htdocs/examensarbete/wordpress/wp-includes/plugin.php(517): WP_Hook->do_action(Array)
#3 /Applications/MAMP/htdocs/examensarbete/wordpress/wp-admin/admin-ajax.php(188): do_action('wp_ajax_rara_ec...')
#4 {main}
  thrown i /Applications/MAMP/htdocs/examensarbete/wordpress/wp-content/themes/rara-ecommerce-child/inc/custom-functions.php på rad 568

2024-01-22T08:07:19+00:00 CRITICAL Uncaught Error: Call to undefined function seva_get_fonts() in /Applications/MAMP/htdocs/examensarbete/wordpress/wp-content/themes/rara-ecommerce-child/inc/custom-functions.php:568
Stack trace:
#0 /Applications/MAMP/htdocs/examensarbete/wordpress/wp-includes/class-wp-hook.php(324): rara_ecommerce_dynamic_mce_css_ajax_callback('')
#1 /Applications/MAMP/htdocs/examensarbete/wordpress/wp-includes/class-wp-hook.php(348): WP_Hook->apply_filters('', Array)
#2 /Applications/MAMP/htdocs/examensarbete/wordpress/wp-includes/plugin.php(517): WP_Hook->do_action(Array)
#3 /Applications/MAMP/htdocs/examensarbete/wordpress/wp-admin/admin-ajax.php(188): do_action('wp_ajax_rara_ec...')
#4 {main}
  thrown i /Applications/MAMP/htdocs/examensarbete/wordpress/wp-content/themes/rara-ecommerce-child/inc/custom-functions.php på rad 568

2024-01-22T08:07:55+00:00 CRITICAL Uncaught Error: Call to undefined function seva_get_fonts() in /Applications/MAMP/htdocs/examensarbete/wordpress/wp-content/themes/rara-ecommerce-child/inc/custom-functions.php:568
Stack trace:
#0 /Applications/MAMP/htdocs/examensarbete/wordpress/wp-includes/class-wp-hook.php(324): rara_ecommerce_dynamic_mce_css_ajax_callback('')
#1 /Applications/MAMP/htdocs/examensarbete/wordpress/wp-includes/class-wp-hook.php(348): WP_Hook->apply_filters('', Array)
#2 /Applications/MAMP/htdocs/examensarbete/wordpress/wp-includes/plugin.php(517): WP_Hook->do_action(Array)
#3 /Applications/MAMP/htdocs/examensarbete/wordpress/wp-admin/admin-ajax.php(188): do_action('wp_ajax_rara_ec...')
#4 {main}
  thrown i /Applications/MAMP/htdocs/examensarbete/wordpress/wp-content/themes/rara-ecommerce-child/inc/custom-functions.php på rad 568

2024-01-22T08:08:00+00:00 CRITICAL Uncaught Error: Call to undefined function seva_get_fonts() in /Applications/MAMP/htdocs/examensarbete/wordpress/wp-content/themes/rara-ecommerce-child/inc/custom-functions.php:568
Stack trace:
#0 /Applications/MAMP/htdocs/examensarbete/wordpress/wp-includes/class-wp-hook.php(324): rara_ecommerce_dynamic_mce_css_ajax_callback('')
#1 /Applications/MAMP/htdocs/examensarbete/wordpress/wp-includes/class-wp-hook.php(348): WP_Hook->apply_filters('', Array)
#2 /Applications/MAMP/htdocs/examensarbete/wordpress/wp-includes/plugin.php(517): WP_Hook->do_action(Array)
#3 /Applications/MAMP/htdocs/examensarbete/wordpress/wp-admin/admin-ajax.php(188): do_action('wp_ajax_rara_ec...')
#4 {main}
  thrown i /Applications/MAMP/htdocs/examensarbete/wordpress/wp-content/themes/rara-ecommerce-child/inc/custom-functions.php på rad 568

2024-01-22T08:08:09+00:00 CRITICAL Uncaught Error: Call to undefined function seva_get_fonts() in /Applications/MAMP/htdocs/examensarbete/wordpress/wp-content/themes/rara-ecommerce-child/inc/custom-functions.php:568
Stack trace:
#0 /Applications/MAMP/htdocs/examensarbete/wordpress/wp-includes/class-wp-hook.php(324): rara_ecommerce_dynamic_mce_css_ajax_callback('')
#1 /Applications/MAMP/htdocs/examensarbete/wordpress/wp-includes/class-wp-hook.php(348): WP_Hook->apply_filters('', Array)
#2 /Applications/MAMP/htdocs/examensarbete/wordpress/wp-includes/plugin.php(517): WP_Hook->do_action(Array)
#3 /Applications/MAMP/htdocs/examensarbete/wordpress/wp-admin/admin-ajax.php(188): do_action('wp_ajax_rara_ec...')
#4 {main}
  thrown i /Applications/MAMP/htdocs/examensarbete/wordpress/wp-content/themes/rara-ecommerce-child/inc/custom-functions.php på rad 568

2024-01-22T08:08:13+00:00 CRITICAL Uncaught Error: Call to undefined function seva_get_fonts() in /Applications/MAMP/htdocs/examensarbete/wordpress/wp-content/themes/rara-ecommerce-child/inc/custom-functions.php:568
Stack trace:
#0 /Applications/MAMP/htdocs/examensarbete/wordpress/wp-includes/class-wp-hook.php(324): rara_ecommerce_dynamic_mce_css_ajax_callback('')
#1 /Applications/MAMP/htdocs/examensarbete/wordpress/wp-includes/class-wp-hook.php(348): WP_Hook->apply_filters('', Array)
#2 /Applications/MAMP/htdocs/examensarbete/wordpress/wp-includes/plugin.php(517): WP_Hook->do_action(Array)
#3 /Applications/MAMP/htdocs/examensarbete/wordpress/wp-admin/admin-ajax.php(188): do_action('wp_ajax_rara_ec...')
#4 {main}
  thrown i /Applications/MAMP/htdocs/examensarbete/wordpress/wp-content/themes/rara-ecommerce-child/inc/custom-functions.php på rad 568

2024-01-22T08:08:24+00:00 CRITICAL Uncaught Error: Call to undefined function seva_get_fonts() in /Applications/MAMP/htdocs/examensarbete/wordpress/wp-content/themes/rara-ecommerce-child/inc/custom-functions.php:568
Stack trace:
#0 /Applications/MAMP/htdocs/examensarbete/wordpress/wp-includes/class-wp-hook.php(324): rara_ecommerce_dynamic_mce_css_ajax_callback('')
#1 /Applications/MAMP/htdocs/examensarbete/wordpress/wp-includes/class-wp-hook.php(348): WP_Hook->apply_filters('', Array)
#2 /Applications/MAMP/htdocs/examensarbete/wordpress/wp-includes/plugin.php(517): WP_Hook->do_action(Array)
#3 /Applications/MAMP/htdocs/examensarbete/wordpress/wp-admin/admin-ajax.php(188): do_action('wp_ajax_rara_ec...')
#4 {main}
  thrown i /Applications/MAMP/htdocs/examensarbete/wordpress/wp-content/themes/rara-ecommerce-child/inc/custom-functions.php på rad 568

2024-01-22T08:08:30+00:00 CRITICAL Uncaught Error: Call to undefined function seva_get_fonts() in /Applications/MAMP/htdocs/examensarbete/wordpress/wp-content/themes/rara-ecommerce-child/inc/custom-functions.php:568
Stack trace:
#0 /Applications/MAMP/htdocs/examensarbete/wordpress/wp-includes/class-wp-hook.php(324): rara_ecommerce_dynamic_mce_css_ajax_callback('')
#1 /Applications/MAMP/htdocs/examensarbete/wordpress/wp-includes/class-wp-hook.php(348): WP_Hook->apply_filters('', Array)
#2 /Applications/MAMP/htdocs/examensarbete/wordpress/wp-includes/plugin.php(517): WP_Hook->do_action(Array)
#3 /Applications/MAMP/htdocs/examensarbete/wordpress/wp-admin/admin-ajax.php(188): do_action('wp_ajax_rara_ec...')
#4 {main}
  thrown i /Applications/MAMP/htdocs/examensarbete/wordpress/wp-content/themes/rara-ecommerce-child/inc/custom-functions.php på rad 568

2024-01-22T08:08:33+00:00 CRITICAL Uncaught Error: Call to undefined function seva_get_fonts() in /Applications/MAMP/htdocs/examensarbete/wordpress/wp-content/themes/rara-ecommerce-child/inc/custom-functions.php:568
Stack trace:
#0 /Applications/MAMP/htdocs/examensarbete/wordpress/wp-includes/class-wp-hook.php(324): rara_ecommerce_dynamic_mce_css_ajax_callback('')
#1 /Applications/MAMP/htdocs/examensarbete/wordpress/wp-includes/class-wp-hook.php(348): WP_Hook->apply_filters('', Array)
#2 /Applications/MAMP/htdocs/examensarbete/wordpress/wp-includes/plugin.php(517): WP_Hook->do_action(Array)
#3 /Applications/MAMP/htdocs/examensarbete/wordpress/wp-admin/admin-ajax.php(188): do_action('wp_ajax_rara_ec...')
#4 {main}
  thrown i /Applications/MAMP/htdocs/examensarbete/wordpress/wp-content/themes/rara-ecommerce-child/inc/custom-functions.php på rad 568

2024-01-22T08:08:35+00:00 CRITICAL Uncaught Error: Call to undefined function seva_get_fonts() in /Applications/MAMP/htdocs/examensarbete/wordpress/wp-content/themes/rara-ecommerce-child/inc/custom-functions.php:568
Stack trace:
#0 /Applications/MAMP/htdocs/examensarbete/wordpress/wp-includes/class-wp-hook.php(324): rara_ecommerce_dynamic_mce_css_ajax_callback('')
#1 /Applications/MAMP/htdocs/examensarbete/wordpress/wp-includes/class-wp-hook.php(348): WP_Hook->apply_filters('', Array)
#2 /Applications/MAMP/htdocs/examensarbete/wordpress/wp-includes/plugin.php(517): WP_Hook->do_action(Array)
#3 /Applications/MAMP/htdocs/examensarbete/wordpress/wp-admin/admin-ajax.php(188): do_action('wp_ajax_rara_ec...')
#4 {main}
  thrown i /Applications/MAMP/htdocs/examensarbete/wordpress/wp-content/themes/rara-ecommerce-child/inc/custom-functions.php på rad 568

2024-01-22T08:12:05+00:00 CRITICAL Uncaught Error: Call to undefined function seva_get_fonts() in /Applications/MAMP/htdocs/examensarbete/wordpress/wp-content/themes/rara-ecommerce-child/inc/custom-functions.php:568
Stack trace:
#0 /Applications/MAMP/htdocs/examensarbete/wordpress/wp-includes/class-wp-hook.php(324): rara_ecommerce_dynamic_mce_css_ajax_callback('')
#1 /Applications/MAMP/htdocs/examensarbete/wordpress/wp-includes/class-wp-hook.php(348): WP_Hook->apply_filters('', Array)
#2 /Applications/MAMP/htdocs/examensarbete/wordpress/wp-includes/plugin.php(517): WP_Hook->do_action(Array)
#3 /Applications/MAMP/htdocs/examensarbete/wordpress/wp-admin/admin-ajax.php(188): do_action('wp_ajax_rara_ec...')
#4 {main}
  thrown i /Applications/MAMP/htdocs/examensarbete/wordpress/wp-content/themes/rara-ecommerce-child/inc/custom-functions.php på rad 568

2024-01-22T08:12:07+00:00 CRITICAL Uncaught Error: Call to undefined function seva_get_fonts() in /Applications/MAMP/htdocs/examensarbete/wordpress/wp-content/themes/rara-ecommerce-child/inc/custom-functions.php:568
Stack trace:
#0 /Applications/MAMP/htdocs/examensarbete/wordpress/wp-includes/class-wp-hook.php(324): rara_ecommerce_dynamic_mce_css_ajax_callback('')
#1 /Applications/MAMP/htdocs/examensarbete/wordpress/wp-includes/class-wp-hook.php(348): WP_Hook->apply_filters('', Array)
#2 /Applications/MAMP/htdocs/examensarbete/wordpress/wp-includes/plugin.php(517): WP_Hook->do_action(Array)
#3 /Applications/MAMP/htdocs/examensarbete/wordpress/wp-admin/admin-ajax.php(188): do_action('wp_ajax_rara_ec...')
#4 {main}
  thrown i /Applications/MAMP/htdocs/examensarbete/wordpress/wp-content/themes/rara-ecommerce-child/inc/custom-functions.php på rad 568

2024-01-22T08:12:27+00:00 CRITICAL Uncaught Error: Call to undefined function seva_get_fonts() in /Applications/MAMP/htdocs/examensarbete/wordpress/wp-content/themes/rara-ecommerce-child/inc/custom-functions.php:568
Stack trace:
#0 /Applications/MAMP/htdocs/examensarbete/wordpress/wp-includes/class-wp-hook.php(324): rara_ecommerce_dynamic_mce_css_ajax_callback('')
#1 /Applications/MAMP/htdocs/examensarbete/wordpress/wp-includes/class-wp-hook.php(348): WP_Hook->apply_filters('', Array)
#2 /Applications/MAMP/htdocs/examensarbete/wordpress/wp-includes/plugin.php(517): WP_Hook->do_action(Array)
#3 /Applications/MAMP/htdocs/examensarbete/wordpress/wp-admin/admin-ajax.php(188): do_action('wp_ajax_rara_ec...')
#4 {main}
  thrown i /Applications/MAMP/htdocs/examensarbete/wordpress/wp-content/themes/rara-ecommerce-child/inc/custom-functions.php på rad 568

2024-01-22T08:12:29+00:00 CRITICAL Uncaught Error: Call to undefined function seva_get_fonts() in /Applications/MAMP/htdocs/examensarbete/wordpress/wp-content/themes/rara-ecommerce-child/inc/custom-functions.php:568
Stack trace:
#0 /Applications/MAMP/htdocs/examensarbete/wordpress/wp-includes/class-wp-hook.php(324): rara_ecommerce_dynamic_mce_css_ajax_callback('')
#1 /Applications/MAMP/htdocs/examensarbete/wordpress/wp-includes/class-wp-hook.php(348): WP_Hook->apply_filters('', Array)
#2 /Applications/MAMP/htdocs/examensarbete/wordpress/wp-includes/plugin.php(517): WP_Hook->do_action(Array)
#3 /Applications/MAMP/htdocs/examensarbete/wordpress/wp-admin/admin-ajax.php(188): do_action('wp_ajax_rara_ec...')
#4 {main}
  thrown i /Applications/MAMP/htdocs/examensarbete/wordpress/wp-content/themes/rara-ecommerce-child/inc/custom-functions.php på rad 568

2024-01-22T08:14:06+00:00 CRITICAL Uncaught Error: Call to undefined function seva_get_fonts() in /Applications/MAMP/htdocs/examensarbete/wordpress/wp-content/themes/rara-ecommerce-child/inc/custom-functions.php:568
Stack trace:
#0 /Applications/MAMP/htdocs/examensarbete/wordpress/wp-includes/class-wp-hook.php(324): rara_ecommerce_dynamic_mce_css_ajax_callback('')
#1 /Applications/MAMP/htdocs/examensarbete/wordpress/wp-includes/class-wp-hook.php(348): WP_Hook->apply_filters('', Array)
#2 /Applications/MAMP/htdocs/examensarbete/wordpress/wp-includes/plugin.php(517): WP_Hook->do_action(Array)
#3 /Applications/MAMP/htdocs/examensarbete/wordpress/wp-admin/admin-ajax.php(188): do_action('wp_ajax_rara_ec...')
#4 {main}
  thrown i /Applications/MAMP/htdocs/examensarbete/wordpress/wp-content/themes/rara-ecommerce-child/inc/custom-functions.php på rad 568

2024-01-22T08:14:08+00:00 CRITICAL Uncaught Error: Call to undefined function seva_get_fonts() in /Applications/MAMP/htdocs/examensarbete/wordpress/wp-content/themes/rara-ecommerce-child/inc/custom-functions.php:568
Stack trace:
#0 /Applications/MAMP/htdocs/examensarbete/wordpress/wp-includes/class-wp-hook.php(324): rara_ecommerce_dynamic_mce_css_ajax_callback('')
#1 /Applications/MAMP/htdocs/examensarbete/wordpress/wp-includes/class-wp-hook.php(348): WP_Hook->apply_filters('', Array)
#2 /Applications/MAMP/htdocs/examensarbete/wordpress/wp-includes/plugin.php(517): WP_Hook->do_action(Array)
#3 /Applications/MAMP/htdocs/examensarbete/wordpress/wp-admin/admin-ajax.php(188): do_action('wp_ajax_rara_ec...')
#4 {main}
  thrown i /Applications/MAMP/htdocs/examensarbete/wordpress/wp-content/themes/rara-ecommerce-child/inc/custom-functions.php på rad 568

2024-01-22T08:14:22+00:00 CRITICAL Uncaught Error: Call to undefined function seva_get_fonts() in /Applications/MAMP/htdocs/examensarbete/wordpress/wp-content/themes/rara-ecommerce-child/inc/custom-functions.php:568
Stack trace:
#0 /Applications/MAMP/htdocs/examensarbete/wordpress/wp-includes/class-wp-hook.php(324): rara_ecommerce_dynamic_mce_css_ajax_callback('')
#1 /Applications/MAMP/htdocs/examensarbete/wordpress/wp-includes/class-wp-hook.php(348): WP_Hook->apply_filters('', Array)
#2 /Applications/MAMP/htdocs/examensarbete/wordpress/wp-includes/plugin.php(517): WP_Hook->do_action(Array)
#3 /Applications/MAMP/htdocs/examensarbete/wordpress/wp-admin/admin-ajax.php(188): do_action('wp_ajax_rara_ec...')
#4 {main}
  thrown i /Applications/MAMP/htdocs/examensarbete/wordpress/wp-content/themes/rara-ecommerce-child/inc/custom-functions.php på rad 568

2024-01-22T08:14:25+00:00 CRITICAL Uncaught Error: Call to undefined function seva_get_fonts() in /Applications/MAMP/htdocs/examensarbete/wordpress/wp-content/themes/rara-ecommerce-child/inc/custom-functions.php:568
Stack trace:
#0 /Applications/MAMP/htdocs/examensarbete/wordpress/wp-includes/class-wp-hook.php(324): rara_ecommerce_dynamic_mce_css_ajax_callback('')
#1 /Applications/MAMP/htdocs/examensarbete/wordpress/wp-includes/class-wp-hook.php(348): WP_Hook->apply_filters('', Array)
#2 /Applications/MAMP/htdocs/examensarbete/wordpress/wp-includes/plugin.php(517): WP_Hook->do_action(Array)
#3 /Applications/MAMP/htdocs/examensarbete/wordpress/wp-admin/admin-ajax.php(188): do_action('wp_ajax_rara_ec...')
#4 {main}
  thrown i /Applications/MAMP/htdocs/examensarbete/wordpress/wp-content/themes/rara-ecommerce-child/inc/custom-functions.php på rad 568

2024-01-22T08:16:08+00:00 CRITICAL Uncaught Error: Call to undefined function seva_get_fonts() in /Applications/MAMP/htdocs/examensarbete/wordpress/wp-content/themes/rara-ecommerce-child/inc/custom-functions.php:568
Stack trace:
#0 /Applications/MAMP/htdocs/examensarbete/wordpress/wp-includes/class-wp-hook.php(324): rara_ecommerce_dynamic_mce_css_ajax_callback('')
#1 /Applications/MAMP/htdocs/examensarbete/wordpress/wp-includes/class-wp-hook.php(348): WP_Hook->apply_filters('', Array)
#2 /Applications/MAMP/htdocs/examensarbete/wordpress/wp-includes/plugin.php(517): WP_Hook->do_action(Array)
#3 /Applications/MAMP/htdocs/examensarbete/wordpress/wp-admin/admin-ajax.php(188): do_action('wp_ajax_rara_ec...')
#4 {main}
  thrown i /Applications/MAMP/htdocs/examensarbete/wordpress/wp-content/themes/rara-ecommerce-child/inc/custom-functions.php på rad 568

2024-01-22T08:16:14+00:00 CRITICAL Uncaught Error: Call to undefined function seva_get_fonts() in /Applications/MAMP/htdocs/examensarbete/wordpress/wp-content/themes/rara-ecommerce-child/inc/custom-functions.php:568
Stack trace:
#0 /Applications/MAMP/htdocs/examensarbete/wordpress/wp-includes/class-wp-hook.php(324): rara_ecommerce_dynamic_mce_css_ajax_callback('')
#1 /Applications/MAMP/htdocs/examensarbete/wordpress/wp-includes/class-wp-hook.php(348): WP_Hook->apply_filters('', Array)
#2 /Applications/MAMP/htdocs/examensarbete/wordpress/wp-includes/plugin.php(517): WP_Hook->do_action(Array)
#3 /Applications/MAMP/htdocs/examensarbete/wordpress/wp-admin/admin-ajax.php(188): do_action('wp_ajax_rara_ec...')
#4 {main}
  thrown i /Applications/MAMP/htdocs/examensarbete/wordpress/wp-content/themes/rara-ecommerce-child/inc/custom-functions.php på rad 568

2024-01-22T08:16:24+00:00 CRITICAL Uncaught Error: Call to undefined function seva_get_fonts() in /Applications/MAMP/htdocs/examensarbete/wordpress/wp-content/themes/rara-ecommerce-child/inc/custom-functions.php:568
Stack trace:
#0 /Applications/MAMP/htdocs/examensarbete/wordpress/wp-includes/class-wp-hook.php(324): rara_ecommerce_dynamic_mce_css_ajax_callback('')
#1 /Applications/MAMP/htdocs/examensarbete/wordpress/wp-includes/class-wp-hook.php(348): WP_Hook->apply_filters('', Array)
#2 /Applications/MAMP/htdocs/examensarbete/wordpress/wp-includes/plugin.php(517): WP_Hook->do_action(Array)
#3 /Applications/MAMP/htdocs/examensarbete/wordpress/wp-admin/admin-ajax.php(188): do_action('wp_ajax_rara_ec...')
#4 {main}
  thrown i /Applications/MAMP/htdocs/examensarbete/wordpress/wp-content/themes/rara-ecommerce-child/inc/custom-functions.php på rad 568

2024-01-22T08:16:26+00:00 CRITICAL Uncaught Error: Call to undefined function seva_get_fonts() in /Applications/MAMP/htdocs/examensarbete/wordpress/wp-content/themes/rara-ecommerce-child/inc/custom-functions.php:568
Stack trace:
#0 /Applications/MAMP/htdocs/examensarbete/wordpress/wp-includes/class-wp-hook.php(324): rara_ecommerce_dynamic_mce_css_ajax_callback('')
#1 /Applications/MAMP/htdocs/examensarbete/wordpress/wp-includes/class-wp-hook.php(348): WP_Hook->apply_filters('', Array)
#2 /Applications/MAMP/htdocs/examensarbete/wordpress/wp-includes/plugin.php(517): WP_Hook->do_action(Array)
#3 /Applications/MAMP/htdocs/examensarbete/wordpress/wp-admin/admin-ajax.php(188): do_action('wp_ajax_rara_ec...')
#4 {main}
  thrown i /Applications/MAMP/htdocs/examensarbete/wordpress/wp-content/themes/rara-ecommerce-child/inc/custom-functions.php på rad 568

2024-01-22T08:17:51+00:00 CRITICAL Uncaught Error: Call to undefined function seva_get_fonts() in /Applications/MAMP/htdocs/examensarbete/wordpress/wp-content/themes/rara-ecommerce-child/inc/custom-functions.php:568
Stack trace:
#0 /Applications/MAMP/htdocs/examensarbete/wordpress/wp-includes/class-wp-hook.php(324): rara_ecommerce_dynamic_mce_css_ajax_callback('')
#1 /Applications/MAMP/htdocs/examensarbete/wordpress/wp-includes/class-wp-hook.php(348): WP_Hook->apply_filters('', Array)
#2 /Applications/MAMP/htdocs/examensarbete/wordpress/wp-includes/plugin.php(517): WP_Hook->do_action(Array)
#3 /Applications/MAMP/htdocs/examensarbete/wordpress/wp-admin/admin-ajax.php(188): do_action('wp_ajax_rara_ec...')
#4 {main}
  thrown i /Applications/MAMP/htdocs/examensarbete/wordpress/wp-content/themes/rara-ecommerce-child/inc/custom-functions.php på rad 568

2024-01-22T08:17:52+00:00 CRITICAL Uncaught Error: Call to undefined function seva_get_fonts() in /Applications/MAMP/htdocs/examensarbete/wordpress/wp-content/themes/rara-ecommerce-child/inc/custom-functions.php:568
Stack trace:
#0 /Applications/MAMP/htdocs/examensarbete/wordpress/wp-includes/class-wp-hook.php(324): rara_ecommerce_dynamic_mce_css_ajax_callback('')
#1 /Applications/MAMP/htdocs/examensarbete/wordpress/wp-includes/class-wp-hook.php(348): WP_Hook->apply_filters('', Array)
#2 /Applications/MAMP/htdocs/examensarbete/wordpress/wp-includes/plugin.php(517): WP_Hook->do_action(Array)
#3 /Applications/MAMP/htdocs/examensarbete/wordpress/wp-admin/admin-ajax.php(188): do_action('wp_ajax_rara_ec...')
#4 {main}
  thrown i /Applications/MAMP/htdocs/examensarbete/wordpress/wp-content/themes/rara-ecommerce-child/inc/custom-functions.php på rad 568

2024-01-22T08:18:03+00:00 CRITICAL Uncaught Error: Call to undefined function seva_get_fonts() in /Applications/MAMP/htdocs/examensarbete/wordpress/wp-content/themes/rara-ecommerce-child/inc/custom-functions.php:568
Stack trace:
#0 /Applications/MAMP/htdocs/examensarbete/wordpress/wp-includes/class-wp-hook.php(324): rara_ecommerce_dynamic_mce_css_ajax_callback('')
#1 /Applications/MAMP/htdocs/examensarbete/wordpress/wp-includes/class-wp-hook.php(348): WP_Hook->apply_filters('', Array)
#2 /Applications/MAMP/htdocs/examensarbete/wordpress/wp-includes/plugin.php(517): WP_Hook->do_action(Array)
#3 /Applications/MAMP/htdocs/examensarbete/wordpress/wp-admin/admin-ajax.php(188): do_action('wp_ajax_rara_ec...')
#4 {main}
  thrown i /Applications/MAMP/htdocs/examensarbete/wordpress/wp-content/themes/rara-ecommerce-child/inc/custom-functions.php på rad 568

2024-01-22T08:18:05+00:00 CRITICAL Uncaught Error: Call to undefined function seva_get_fonts() in /Applications/MAMP/htdocs/examensarbete/wordpress/wp-content/themes/rara-ecommerce-child/inc/custom-functions.php:568
Stack trace:
#0 /Applications/MAMP/htdocs/examensarbete/wordpress/wp-includes/class-wp-hook.php(324): rara_ecommerce_dynamic_mce_css_ajax_callback('')
#1 /Applications/MAMP/htdocs/examensarbete/wordpress/wp-includes/class-wp-hook.php(348): WP_Hook->apply_filters('', Array)
#2 /Applications/MAMP/htdocs/examensarbete/wordpress/wp-includes/plugin.php(517): WP_Hook->do_action(Array)
#3 /Applications/MAMP/htdocs/examensarbete/wordpress/wp-admin/admin-ajax.php(188): do_action('wp_ajax_rara_ec...')
#4 {main}
  thrown i /Applications/MAMP/htdocs/examensarbete/wordpress/wp-content/themes/rara-ecommerce-child/inc/custom-functions.php på rad 568

2024-01-22T08:19:47+00:00 CRITICAL Uncaught Error: Call to undefined function seva_get_fonts() in /Applications/MAMP/htdocs/examensarbete/wordpress/wp-content/themes/rara-ecommerce-child/inc/custom-functions.php:568
Stack trace:
#0 /Applications/MAMP/htdocs/examensarbete/wordpress/wp-includes/class-wp-hook.php(324): rara_ecommerce_dynamic_mce_css_ajax_callback('')
#1 /Applications/MAMP/htdocs/examensarbete/wordpress/wp-includes/class-wp-hook.php(348): WP_Hook->apply_filters('', Array)
#2 /Applications/MAMP/htdocs/examensarbete/wordpress/wp-includes/plugin.php(517): WP_Hook->do_action(Array)
#3 /Applications/MAMP/htdocs/examensarbete/wordpress/wp-admin/admin-ajax.php(188): do_action('wp_ajax_rara_ec...')
#4 {main}
  thrown i /Applications/MAMP/htdocs/examensarbete/wordpress/wp-content/themes/rara-ecommerce-child/inc/custom-functions.php på rad 568

2024-01-22T08:19:49+00:00 CRITICAL Uncaught Error: Call to undefined function seva_get_fonts() in /Applications/MAMP/htdocs/examensarbete/wordpress/wp-content/themes/rara-ecommerce-child/inc/custom-functions.php:568
Stack trace:
#0 /Applications/MAMP/htdocs/examensarbete/wordpress/wp-includes/class-wp-hook.php(324): rara_ecommerce_dynamic_mce_css_ajax_callback('')
#1 /Applications/MAMP/htdocs/examensarbete/wordpress/wp-includes/class-wp-hook.php(348): WP_Hook->apply_filters('', Array)
#2 /Applications/MAMP/htdocs/examensarbete/wordpress/wp-includes/plugin.php(517): WP_Hook->do_action(Array)
#3 /Applications/MAMP/htdocs/examensarbete/wordpress/wp-admin/admin-ajax.php(188): do_action('wp_ajax_rara_ec...')
#4 {main}
  thrown i /Applications/MAMP/htdocs/examensarbete/wordpress/wp-content/themes/rara-ecommerce-child/inc/custom-functions.php på rad 568

2024-01-22T08:20:17+00:00 CRITICAL Uncaught Error: Call to undefined function seva_get_fonts() in /Applications/MAMP/htdocs/examensarbete/wordpress/wp-content/themes/rara-ecommerce-child/inc/custom-functions.php:568
Stack trace:
#0 /Applications/MAMP/htdocs/examensarbete/wordpress/wp-includes/class-wp-hook.php(324): rara_ecommerce_dynamic_mce_css_ajax_callback('')
#1 /Applications/MAMP/htdocs/examensarbete/wordpress/wp-includes/class-wp-hook.php(348): WP_Hook->apply_filters('', Array)
#2 /Applications/MAMP/htdocs/examensarbete/wordpress/wp-includes/plugin.php(517): WP_Hook->do_action(Array)
#3 /Applications/MAMP/htdocs/examensarbete/wordpress/wp-admin/admin-ajax.php(188): do_action('wp_ajax_rara_ec...')
#4 {main}
  thrown i /Applications/MAMP/htdocs/examensarbete/wordpress/wp-content/themes/rara-ecommerce-child/inc/custom-functions.php på rad 568

2024-01-22T08:20:19+00:00 CRITICAL Uncaught Error: Call to undefined function seva_get_fonts() in /Applications/MAMP/htdocs/examensarbete/wordpress/wp-content/themes/rara-ecommerce-child/inc/custom-functions.php:568
Stack trace:
#0 /Applications/MAMP/htdocs/examensarbete/wordpress/wp-includes/class-wp-hook.php(324): rara_ecommerce_dynamic_mce_css_ajax_callback('')
#1 /Applications/MAMP/htdocs/examensarbete/wordpress/wp-includes/class-wp-hook.php(348): WP_Hook->apply_filters('', Array)
#2 /Applications/MAMP/htdocs/examensarbete/wordpress/wp-includes/plugin.php(517): WP_Hook->do_action(Array)
#3 /Applications/MAMP/htdocs/examensarbete/wordpress/wp-admin/admin-ajax.php(188): do_action('wp_ajax_rara_ec...')
#4 {main}
  thrown i /Applications/MAMP/htdocs/examensarbete/wordpress/wp-content/themes/rara-ecommerce-child/inc/custom-functions.php på rad 568

2024-01-22T08:23:35+00:00 CRITICAL Uncaught Error: Call to undefined function seva_get_fonts() in /Applications/MAMP/htdocs/examensarbete/wordpress/wp-content/themes/rara-ecommerce-child/inc/custom-functions.php:568
Stack trace:
#0 /Applications/MAMP/htdocs/examensarbete/wordpress/wp-includes/class-wp-hook.php(324): rara_ecommerce_dynamic_mce_css_ajax_callback('')
#1 /Applications/MAMP/htdocs/examensarbete/wordpress/wp-includes/class-wp-hook.php(348): WP_Hook->apply_filters('', Array)
#2 /Applications/MAMP/htdocs/examensarbete/wordpress/wp-includes/plugin.php(517): WP_Hook->do_action(Array)
#3 /Applications/MAMP/htdocs/examensarbete/wordpress/wp-admin/admin-ajax.php(188): do_action('wp_ajax_rara_ec...')
#4 {main}
  thrown i /Applications/MAMP/htdocs/examensarbete/wordpress/wp-content/themes/rara-ecommerce-child/inc/custom-functions.php på rad 568

2024-01-22T08:23:36+00:00 CRITICAL Uncaught Error: Call to undefined function seva_get_fonts() in /Applications/MAMP/htdocs/examensarbete/wordpress/wp-content/themes/rara-ecommerce-child/inc/custom-functions.php:568
Stack trace:
#0 /Applications/MAMP/htdocs/examensarbete/wordpress/wp-includes/class-wp-hook.php(324): rara_ecommerce_dynamic_mce_css_ajax_callback('')
#1 /Applications/MAMP/htdocs/examensarbete/wordpress/wp-includes/class-wp-hook.php(348): WP_Hook->apply_filters('', Array)
#2 /Applications/MAMP/htdocs/examensarbete/wordpress/wp-includes/plugin.php(517): WP_Hook->do_action(Array)
#3 /Applications/MAMP/htdocs/examensarbete/wordpress/wp-admin/admin-ajax.php(188): do_action('wp_ajax_rara_ec...')
#4 {main}
  thrown i /Applications/MAMP/htdocs/examensarbete/wordpress/wp-content/themes/rara-ecommerce-child/inc/custom-functions.php på rad 568

2024-01-22T08:23:46+00:00 CRITICAL Uncaught Error: Call to undefined function seva_get_fonts() in /Applications/MAMP/htdocs/examensarbete/wordpress/wp-content/themes/rara-ecommerce-child/inc/custom-functions.php:568
Stack trace:
#0 /Applications/MAMP/htdocs/examensarbete/wordpress/wp-includes/class-wp-hook.php(324): rara_ecommerce_dynamic_mce_css_ajax_callback('')
#1 /Applications/MAMP/htdocs/examensarbete/wordpress/wp-includes/class-wp-hook.php(348): WP_Hook->apply_filters('', Array)
#2 /Applications/MAMP/htdocs/examensarbete/wordpress/wp-includes/plugin.php(517): WP_Hook->do_action(Array)
#3 /Applications/MAMP/htdocs/examensarbete/wordpress/wp-admin/admin-ajax.php(188): do_action('wp_ajax_rara_ec...')
#4 {main}
  thrown i /Applications/MAMP/htdocs/examensarbete/wordpress/wp-content/themes/rara-ecommerce-child/inc/custom-functions.php på rad 568

2024-01-22T08:23:50+00:00 CRITICAL Uncaught Error: Call to undefined function seva_get_fonts() in /Applications/MAMP/htdocs/examensarbete/wordpress/wp-content/themes/rara-ecommerce-child/inc/custom-functions.php:568
Stack trace:
#0 /Applications/MAMP/htdocs/examensarbete/wordpress/wp-includes/class-wp-hook.php(324): rara_ecommerce_dynamic_mce_css_ajax_callback('')
#1 /Applications/MAMP/htdocs/examensarbete/wordpress/wp-includes/class-wp-hook.php(348): WP_Hook->apply_filters('', Array)
#2 /Applications/MAMP/htdocs/examensarbete/wordpress/wp-includes/plugin.php(517): WP_Hook->do_action(Array)
#3 /Applications/MAMP/htdocs/examensarbete/wordpress/wp-admin/admin-ajax.php(188): do_action('wp_ajax_rara_ec...')
#4 {main}
  thrown i /Applications/MAMP/htdocs/examensarbete/wordpress/wp-content/themes/rara-ecommerce-child/inc/custom-functions.php på rad 568

2024-01-22T08:25:51+00:00 CRITICAL Uncaught Error: Call to undefined function seva_get_fonts() in /Applications/MAMP/htdocs/examensarbete/wordpress/wp-content/themes/rara-ecommerce-child/inc/custom-functions.php:568
Stack trace:
#0 /Applications/MAMP/htdocs/examensarbete/wordpress/wp-includes/class-wp-hook.php(324): rara_ecommerce_dynamic_mce_css_ajax_callback('')
#1 /Applications/MAMP/htdocs/examensarbete/wordpress/wp-includes/class-wp-hook.php(348): WP_Hook->apply_filters('', Array)
#2 /Applications/MAMP/htdocs/examensarbete/wordpress/wp-includes/plugin.php(517): WP_Hook->do_action(Array)
#3 /Applications/MAMP/htdocs/examensarbete/wordpress/wp-admin/admin-ajax.php(188): do_action('wp_ajax_rara_ec...')
#4 {main}
  thrown i /Applications/MAMP/htdocs/examensarbete/wordpress/wp-content/themes/rara-ecommerce-child/inc/custom-functions.php på rad 568

2024-01-22T08:25:56+00:00 CRITICAL Uncaught Error: Call to undefined function seva_get_fonts() in /Applications/MAMP/htdocs/examensarbete/wordpress/wp-content/themes/rara-ecommerce-child/inc/custom-functions.php:568
Stack trace:
#0 /Applications/MAMP/htdocs/examensarbete/wordpress/wp-includes/class-wp-hook.php(324): rara_ecommerce_dynamic_mce_css_ajax_callback('')
#1 /Applications/MAMP/htdocs/examensarbete/wordpress/wp-includes/class-wp-hook.php(348): WP_Hook->apply_filters('', Array)
#2 /Applications/MAMP/htdocs/examensarbete/wordpress/wp-includes/plugin.php(517): WP_Hook->do_action(Array)
#3 /Applications/MAMP/htdocs/examensarbete/wordpress/wp-admin/admin-ajax.php(188): do_action('wp_ajax_rara_ec...')
#4 {main}
  thrown i /Applications/MAMP/htdocs/examensarbete/wordpress/wp-content/themes/rara-ecommerce-child/inc/custom-functions.php på rad 568

2024-01-22T08:26:59+00:00 CRITICAL Uncaught Error: Call to undefined function seva_get_fonts() in /Applications/MAMP/htdocs/examensarbete/wordpress/wp-content/themes/rara-ecommerce-child/inc/custom-functions.php:568
Stack trace:
#0 /Applications/MAMP/htdocs/examensarbete/wordpress/wp-includes/class-wp-hook.php(324): rara_ecommerce_dynamic_mce_css_ajax_callback('')
#1 /Applications/MAMP/htdocs/examensarbete/wordpress/wp-includes/class-wp-hook.php(348): WP_Hook->apply_filters('', Array)
#2 /Applications/MAMP/htdocs/examensarbete/wordpress/wp-includes/plugin.php(517): WP_Hook->do_action(Array)
#3 /Applications/MAMP/htdocs/examensarbete/wordpress/wp-admin/admin-ajax.php(188): do_action('wp_ajax_rara_ec...')
#4 {main}
  thrown i /Applications/MAMP/htdocs/examensarbete/wordpress/wp-content/themes/rara-ecommerce-child/inc/custom-functions.php på rad 568

2024-01-22T08:27:04+00:00 CRITICAL Uncaught Error: Call to undefined function seva_get_fonts() in /Applications/MAMP/htdocs/examensarbete/wordpress/wp-content/themes/rara-ecommerce-child/inc/custom-functions.php:568
Stack trace:
#0 /Applications/MAMP/htdocs/examensarbete/wordpress/wp-includes/class-wp-hook.php(324): rara_ecommerce_dynamic_mce_css_ajax_callback('')
#1 /Applications/MAMP/htdocs/examensarbete/wordpress/wp-includes/class-wp-hook.php(348): WP_Hook->apply_filters('', Array)
#2 /Applications/MAMP/htdocs/examensarbete/wordpress/wp-includes/plugin.php(517): WP_Hook->do_action(Array)
#3 /Applications/MAMP/htdocs/examensarbete/wordpress/wp-admin/admin-ajax.php(188): do_action('wp_ajax_rara_ec...')
#4 {main}
  thrown i /Applications/MAMP/htdocs/examensarbete/wordpress/wp-content/themes/rara-ecommerce-child/inc/custom-functions.php på rad 568

2024-01-22T08:29:12+00:00 CRITICAL Uncaught Error: Call to undefined function seva_get_fonts() in /Applications/MAMP/htdocs/examensarbete/wordpress/wp-content/themes/rara-ecommerce-child/inc/custom-functions.php:568
Stack trace:
#0 /Applications/MAMP/htdocs/examensarbete/wordpress/wp-includes/class-wp-hook.php(324): rara_ecommerce_dynamic_mce_css_ajax_callback('')
#1 /Applications/MAMP/htdocs/examensarbete/wordpress/wp-includes/class-wp-hook.php(348): WP_Hook->apply_filters('', Array)
#2 /Applications/MAMP/htdocs/examensarbete/wordpress/wp-includes/plugin.php(517): WP_Hook->do_action(Array)
#3 /Applications/MAMP/htdocs/examensarbete/wordpress/wp-admin/admin-ajax.php(188): do_action('wp_ajax_rara_ec...')
#4 {main}
  thrown i /Applications/MAMP/htdocs/examensarbete/wordpress/wp-content/themes/rara-ecommerce-child/inc/custom-functions.php på rad 568

2024-01-22T08:29:14+00:00 CRITICAL Uncaught Error: Call to undefined function seva_get_fonts() in /Applications/MAMP/htdocs/examensarbete/wordpress/wp-content/themes/rara-ecommerce-child/inc/custom-functions.php:568
Stack trace:
#0 /Applications/MAMP/htdocs/examensarbete/wordpress/wp-includes/class-wp-hook.php(324): rara_ecommerce_dynamic_mce_css_ajax_callback('')
#1 /Applications/MAMP/htdocs/examensarbete/wordpress/wp-includes/class-wp-hook.php(348): WP_Hook->apply_filters('', Array)
#2 /Applications/MAMP/htdocs/examensarbete/wordpress/wp-includes/plugin.php(517): WP_Hook->do_action(Array)
#3 /Applications/MAMP/htdocs/examensarbete/wordpress/wp-admin/admin-ajax.php(188): do_action('wp_ajax_rara_ec...')
#4 {main}
  thrown i /Applications/MAMP/htdocs/examensarbete/wordpress/wp-content/themes/rara-ecommerce-child/inc/custom-functions.php på rad 568

2024-01-22T08:30:06+00:00 CRITICAL Uncaught Error: Call to undefined function seva_get_fonts() in /Applications/MAMP/htdocs/examensarbete/wordpress/wp-content/themes/rara-ecommerce-child/inc/custom-functions.php:568
Stack trace:
#0 /Applications/MAMP/htdocs/examensarbete/wordpress/wp-includes/class-wp-hook.php(324): rara_ecommerce_dynamic_mce_css_ajax_callback('')
#1 /Applications/MAMP/htdocs/examensarbete/wordpress/wp-includes/class-wp-hook.php(348): WP_Hook->apply_filters('', Array)
#2 /Applications/MAMP/htdocs/examensarbete/wordpress/wp-includes/plugin.php(517): WP_Hook->do_action(Array)
#3 /Applications/MAMP/htdocs/examensarbete/wordpress/wp-admin/admin-ajax.php(188): do_action('wp_ajax_rara_ec...')
#4 {main}
  thrown i /Applications/MAMP/htdocs/examensarbete/wordpress/wp-content/themes/rara-ecommerce-child/inc/custom-functions.php på rad 568

2024-01-22T08:30:09+00:00 CRITICAL Uncaught Error: Call to undefined function seva_get_fonts() in /Applications/MAMP/htdocs/examensarbete/wordpress/wp-content/themes/rara-ecommerce-child/inc/custom-functions.php:568
Stack trace:
#0 /Applications/MAMP/htdocs/examensarbete/wordpress/wp-includes/class-wp-hook.php(324): rara_ecommerce_dynamic_mce_css_ajax_callback('')
#1 /Applications/MAMP/htdocs/examensarbete/wordpress/wp-includes/class-wp-hook.php(348): WP_Hook->apply_filters('', Array)
#2 /Applications/MAMP/htdocs/examensarbete/wordpress/wp-includes/plugin.php(517): WP_Hook->do_action(Array)
#3 /Applications/MAMP/htdocs/examensarbete/wordpress/wp-admin/admin-ajax.php(188): do_action('wp_ajax_rara_ec...')
#4 {main}
  thrown i /Applications/MAMP/htdocs/examensarbete/wordpress/wp-content/themes/rara-ecommerce-child/inc/custom-functions.php på rad 568

2024-01-22T08:32:53+00:00 CRITICAL Uncaught Error: Call to undefined function seva_get_fonts() in /Applications/MAMP/htdocs/examensarbete/wordpress/wp-content/themes/rara-ecommerce-child/inc/custom-functions.php:568
Stack trace:
#0 /Applications/MAMP/htdocs/examensarbete/wordpress/wp-includes/class-wp-hook.php(324): rara_ecommerce_dynamic_mce_css_ajax_callback('')
#1 /Applications/MAMP/htdocs/examensarbete/wordpress/wp-includes/class-wp-hook.php(348): WP_Hook->apply_filters('', Array)
#2 /Applications/MAMP/htdocs/examensarbete/wordpress/wp-includes/plugin.php(517): WP_Hook->do_action(Array)
#3 /Applications/MAMP/htdocs/examensarbete/wordpress/wp-admin/admin-ajax.php(188): do_action('wp_ajax_rara_ec...')
#4 {main}
  thrown i /Applications/MAMP/htdocs/examensarbete/wordpress/wp-content/themes/rara-ecommerce-child/inc/custom-functions.php på rad 568

2024-01-22T08:32:55+00:00 CRITICAL Uncaught Error: Call to undefined function seva_get_fonts() in /Applications/MAMP/htdocs/examensarbete/wordpress/wp-content/themes/rara-ecommerce-child/inc/custom-functions.php:568
Stack trace:
#0 /Applications/MAMP/htdocs/examensarbete/wordpress/wp-includes/class-wp-hook.php(324): rara_ecommerce_dynamic_mce_css_ajax_callback('')
#1 /Applications/MAMP/htdocs/examensarbete/wordpress/wp-includes/class-wp-hook.php(348): WP_Hook->apply_filters('', Array)
#2 /Applications/MAMP/htdocs/examensarbete/wordpress/wp-includes/plugin.php(517): WP_Hook->do_action(Array)
#3 /Applications/MAMP/htdocs/examensarbete/wordpress/wp-admin/admin-ajax.php(188): do_action('wp_ajax_rara_ec...')
#4 {main}
  thrown i /Applications/MAMP/htdocs/examensarbete/wordpress/wp-content/themes/rara-ecommerce-child/inc/custom-functions.php på rad 568

2024-01-22T08:33:07+00:00 CRITICAL Uncaught Error: Call to undefined function seva_get_fonts() in /Applications/MAMP/htdocs/examensarbete/wordpress/wp-content/themes/rara-ecommerce-child/inc/custom-functions.php:568
Stack trace:
#0 /Applications/MAMP/htdocs/examensarbete/wordpress/wp-includes/class-wp-hook.php(324): rara_ecommerce_dynamic_mce_css_ajax_callback('')
#1 /Applications/MAMP/htdocs/examensarbete/wordpress/wp-includes/class-wp-hook.php(348): WP_Hook->apply_filters('', Array)
#2 /Applications/MAMP/htdocs/examensarbete/wordpress/wp-includes/plugin.php(517): WP_Hook->do_action(Array)
#3 /Applications/MAMP/htdocs/examensarbete/wordpress/wp-admin/admin-ajax.php(188): do_action('wp_ajax_rara_ec...')
#4 {main}
  thrown i /Applications/MAMP/htdocs/examensarbete/wordpress/wp-content/themes/rara-ecommerce-child/inc/custom-functions.php på rad 568

2024-01-22T08:33:08+00:00 CRITICAL Uncaught Error: Call to undefined function seva_get_fonts() in /Applications/MAMP/htdocs/examensarbete/wordpress/wp-content/themes/rara-ecommerce-child/inc/custom-functions.php:568
Stack trace:
#0 /Applications/MAMP/htdocs/examensarbete/wordpress/wp-includes/class-wp-hook.php(324): rara_ecommerce_dynamic_mce_css_ajax_callback('')
#1 /Applications/MAMP/htdocs/examensarbete/wordpress/wp-includes/class-wp-hook.php(348): WP_Hook->apply_filters('', Array)
#2 /Applications/MAMP/htdocs/examensarbete/wordpress/wp-includes/plugin.php(517): WP_Hook->do_action(Array)
#3 /Applications/MAMP/htdocs/examensarbete/wordpress/wp-admin/admin-ajax.php(188): do_action('wp_ajax_rara_ec...')
#4 {main}
  thrown i /Applications/MAMP/htdocs/examensarbete/wordpress/wp-content/themes/rara-ecommerce-child/inc/custom-functions.php på rad 568

2024-01-22T08:34:41+00:00 CRITICAL Uncaught Error: Call to undefined function seva_get_fonts() in /Applications/MAMP/htdocs/examensarbete/wordpress/wp-content/themes/rara-ecommerce-child/inc/custom-functions.php:568
Stack trace:
#0 /Applications/MAMP/htdocs/examensarbete/wordpress/wp-includes/class-wp-hook.php(324): rara_ecommerce_dynamic_mce_css_ajax_callback('')
#1 /Applications/MAMP/htdocs/examensarbete/wordpress/wp-includes/class-wp-hook.php(348): WP_Hook->apply_filters('', Array)
#2 /Applications/MAMP/htdocs/examensarbete/wordpress/wp-includes/plugin.php(517): WP_Hook->do_action(Array)
#3 /Applications/MAMP/htdocs/examensarbete/wordpress/wp-admin/admin-ajax.php(188): do_action('wp_ajax_rara_ec...')
#4 {main}
  thrown i /Applications/MAMP/htdocs/examensarbete/wordpress/wp-content/themes/rara-ecommerce-child/inc/custom-functions.php på rad 568

2024-01-22T08:34:42+00:00 CRITICAL Uncaught Error: Call to undefined function seva_get_fonts() in /Applications/MAMP/htdocs/examensarbete/wordpress/wp-content/themes/rara-ecommerce-child/inc/custom-functions.php:568
Stack trace:
#0 /Applications/MAMP/htdocs/examensarbete/wordpress/wp-includes/class-wp-hook.php(324): rara_ecommerce_dynamic_mce_css_ajax_callback('')
#1 /Applications/MAMP/htdocs/examensarbete/wordpress/wp-includes/class-wp-hook.php(348): WP_Hook->apply_filters('', Array)
#2 /Applications/MAMP/htdocs/examensarbete/wordpress/wp-includes/plugin.php(517): WP_Hook->do_action(Array)
#3 /Applications/MAMP/htdocs/examensarbete/wordpress/wp-admin/admin-ajax.php(188): do_action('wp_ajax_rara_ec...')
#4 {main}
  thrown i /Applications/MAMP/htdocs/examensarbete/wordpress/wp-content/themes/rara-ecommerce-child/inc/custom-functions.php på rad 568

2024-01-22T08:34:51+00:00 CRITICAL Uncaught Error: Call to undefined function seva_get_fonts() in /Applications/MAMP/htdocs/examensarbete/wordpress/wp-content/themes/rara-ecommerce-child/inc/custom-functions.php:568
Stack trace:
#0 /Applications/MAMP/htdocs/examensarbete/wordpress/wp-includes/class-wp-hook.php(324): rara_ecommerce_dynamic_mce_css_ajax_callback('')
#1 /Applications/MAMP/htdocs/examensarbete/wordpress/wp-includes/class-wp-hook.php(348): WP_Hook->apply_filters('', Array)
#2 /Applications/MAMP/htdocs/examensarbete/wordpress/wp-includes/plugin.php(517): WP_Hook->do_action(Array)
#3 /Applications/MAMP/htdocs/examensarbete/wordpress/wp-admin/admin-ajax.php(188): do_action('wp_ajax_rara_ec...')
#4 {main}
  thrown i /Applications/MAMP/htdocs/examensarbete/wordpress/wp-content/themes/rara-ecommerce-child/inc/custom-functions.php på rad 568

2024-01-22T08:34:55+00:00 CRITICAL Uncaught Error: Call to undefined function seva_get_fonts() in /Applications/MAMP/htdocs/examensarbete/wordpress/wp-content/themes/rara-ecommerce-child/inc/custom-functions.php:568
Stack trace:
#0 /Applications/MAMP/htdocs/examensarbete/wordpress/wp-includes/class-wp-hook.php(324): rara_ecommerce_dynamic_mce_css_ajax_callback('')
#1 /Applications/MAMP/htdocs/examensarbete/wordpress/wp-includes/class-wp-hook.php(348): WP_Hook->apply_filters('', Array)
#2 /Applications/MAMP/htdocs/examensarbete/wordpress/wp-includes/plugin.php(517): WP_Hook->do_action(Array)
#3 /Applications/MAMP/htdocs/examensarbete/wordpress/wp-admin/admin-ajax.php(188): do_action('wp_ajax_rara_ec...')
#4 {main}
  thrown i /Applications/MAMP/htdocs/examensarbete/wordpress/wp-content/themes/rara-ecommerce-child/inc/custom-functions.php på rad 568

2024-01-22T08:36:22+00:00 CRITICAL Uncaught Error: Call to undefined function seva_get_fonts() in /Applications/MAMP/htdocs/examensarbete/wordpress/wp-content/themes/rara-ecommerce-child/inc/custom-functions.php:568
Stack trace:
#0 /Applications/MAMP/htdocs/examensarbete/wordpress/wp-includes/class-wp-hook.php(324): rara_ecommerce_dynamic_mce_css_ajax_callback('')
#1 /Applications/MAMP/htdocs/examensarbete/wordpress/wp-includes/class-wp-hook.php(348): WP_Hook->apply_filters('', Array)
#2 /Applications/MAMP/htdocs/examensarbete/wordpress/wp-includes/plugin.php(517): WP_Hook->do_action(Array)
#3 /Applications/MAMP/htdocs/examensarbete/wordpress/wp-admin/admin-ajax.php(188): do_action('wp_ajax_rara_ec...')
#4 {main}
  thrown i /Applications/MAMP/htdocs/examensarbete/wordpress/wp-content/themes/rara-ecommerce-child/inc/custom-functions.php på rad 568

2024-01-22T08:36:26+00:00 CRITICAL Uncaught Error: Call to undefined function seva_get_fonts() in /Applications/MAMP/htdocs/examensarbete/wordpress/wp-content/themes/rara-ecommerce-child/inc/custom-functions.php:568
Stack trace:
#0 /Applications/MAMP/htdocs/examensarbete/wordpress/wp-includes/class-wp-hook.php(324): rara_ecommerce_dynamic_mce_css_ajax_callback('')
#1 /Applications/MAMP/htdocs/examensarbete/wordpress/wp-includes/class-wp-hook.php(348): WP_Hook->apply_filters('', Array)
#2 /Applications/MAMP/htdocs/examensarbete/wordpress/wp-includes/plugin.php(517): WP_Hook->do_action(Array)
#3 /Applications/MAMP/htdocs/examensarbete/wordpress/wp-admin/admin-ajax.php(188): do_action('wp_ajax_rara_ec...')
#4 {main}
  thrown i /Applications/MAMP/htdocs/examensarbete/wordpress/wp-content/themes/rara-ecommerce-child/inc/custom-functions.php på rad 568

2024-01-22T08:36:32+00:00 CRITICAL Uncaught Error: Call to undefined function seva_get_fonts() in /Applications/MAMP/htdocs/examensarbete/wordpress/wp-content/themes/rara-ecommerce-child/inc/custom-functions.php:568
Stack trace:
#0 /Applications/MAMP/htdocs/examensarbete/wordpress/wp-includes/class-wp-hook.php(324): rara_ecommerce_dynamic_mce_css_ajax_callback('')
#1 /Applications/MAMP/htdocs/examensarbete/wordpress/wp-includes/class-wp-hook.php(348): WP_Hook->apply_filters('', Array)
#2 /Applications/MAMP/htdocs/examensarbete/wordpress/wp-includes/plugin.php(517): WP_Hook->do_action(Array)
#3 /Applications/MAMP/htdocs/examensarbete/wordpress/wp-admin/admin-ajax.php(188): do_action('wp_ajax_rara_ec...')
#4 {main}
  thrown i /Applications/MAMP/htdocs/examensarbete/wordpress/wp-content/themes/rara-ecommerce-child/inc/custom-functions.php på rad 568

2024-01-22T08:36:33+00:00 CRITICAL Uncaught Error: Call to undefined function seva_get_fonts() in /Applications/MAMP/htdocs/examensarbete/wordpress/wp-content/themes/rara-ecommerce-child/inc/custom-functions.php:568
Stack trace:
#0 /Applications/MAMP/htdocs/examensarbete/wordpress/wp-includes/class-wp-hook.php(324): rara_ecommerce_dynamic_mce_css_ajax_callback('')
#1 /Applications/MAMP/htdocs/examensarbete/wordpress/wp-includes/class-wp-hook.php(348): WP_Hook->apply_filters('', Array)
#2 /Applications/MAMP/htdocs/examensarbete/wordpress/wp-includes/plugin.php(517): WP_Hook->do_action(Array)
#3 /Applications/MAMP/htdocs/examensarbete/wordpress/wp-admin/admin-ajax.php(188): do_action('wp_ajax_rara_ec...')
#4 {main}
  thrown i /Applications/MAMP/htdocs/examensarbete/wordpress/wp-content/themes/rara-ecommerce-child/inc/custom-functions.php på rad 568

2024-01-22T08:37:25+00:00 CRITICAL Uncaught Error: Call to undefined function seva_get_fonts() in /Applications/MAMP/htdocs/examensarbete/wordpress/wp-content/themes/rara-ecommerce-child/inc/custom-functions.php:568
Stack trace:
#0 /Applications/MAMP/htdocs/examensarbete/wordpress/wp-includes/class-wp-hook.php(324): rara_ecommerce_dynamic_mce_css_ajax_callback('')
#1 /Applications/MAMP/htdocs/examensarbete/wordpress/wp-includes/class-wp-hook.php(348): WP_Hook->apply_filters('', Array)
#2 /Applications/MAMP/htdocs/examensarbete/wordpress/wp-includes/plugin.php(517): WP_Hook->do_action(Array)
#3 /Applications/MAMP/htdocs/examensarbete/wordpress/wp-admin/admin-ajax.php(188): do_action('wp_ajax_rara_ec...')
#4 {main}
  thrown i /Applications/MAMP/htdocs/examensarbete/wordpress/wp-content/themes/rara-ecommerce-child/inc/custom-functions.php på rad 568

2024-01-22T08:37:28+00:00 CRITICAL Uncaught Error: Call to undefined function seva_get_fonts() in /Applications/MAMP/htdocs/examensarbete/wordpress/wp-content/themes/rara-ecommerce-child/inc/custom-functions.php:568
Stack trace:
#0 /Applications/MAMP/htdocs/examensarbete/wordpress/wp-includes/class-wp-hook.php(324): rara_ecommerce_dynamic_mce_css_ajax_callback('')
#1 /Applications/MAMP/htdocs/examensarbete/wordpress/wp-includes/class-wp-hook.php(348): WP_Hook->apply_filters('', Array)
#2 /Applications/MAMP/htdocs/examensarbete/wordpress/wp-includes/plugin.php(517): WP_Hook->do_action(Array)
#3 /Applications/MAMP/htdocs/examensarbete/wordpress/wp-admin/admin-ajax.php(188): do_action('wp_ajax_rara_ec...')
#4 {main}
  thrown i /Applications/MAMP/htdocs/examensarbete/wordpress/wp-content/themes/rara-ecommerce-child/inc/custom-functions.php på rad 568

2024-01-22T08:37:32+00:00 CRITICAL Uncaught Error: Call to undefined function seva_get_fonts() in /Applications/MAMP/htdocs/examensarbete/wordpress/wp-content/themes/rara-ecommerce-child/inc/custom-functions.php:568
Stack trace:
#0 /Applications/MAMP/htdocs/examensarbete/wordpress/wp-includes/class-wp-hook.php(324): rara_ecommerce_dynamic_mce_css_ajax_callback('')
#1 /Applications/MAMP/htdocs/examensarbete/wordpress/wp-includes/class-wp-hook.php(348): WP_Hook->apply_filters('', Array)
#2 /Applications/MAMP/htdocs/examensarbete/wordpress/wp-includes/plugin.php(517): WP_Hook->do_action(Array)
#3 /Applications/MAMP/htdocs/examensarbete/wordpress/wp-admin/admin-ajax.php(188): do_action('wp_ajax_rara_ec...')
#4 {main}
  thrown i /Applications/MAMP/htdocs/examensarbete/wordpress/wp-content/themes/rara-ecommerce-child/inc/custom-functions.php på rad 568

2024-01-22T08:37:33+00:00 CRITICAL Uncaught Error: Call to undefined function seva_get_fonts() in /Applications/MAMP/htdocs/examensarbete/wordpress/wp-content/themes/rara-ecommerce-child/inc/custom-functions.php:568
Stack trace:
#0 /Applications/MAMP/htdocs/examensarbete/wordpress/wp-includes/class-wp-hook.php(324): rara_ecommerce_dynamic_mce_css_ajax_callback('')
#1 /Applications/MAMP/htdocs/examensarbete/wordpress/wp-includes/class-wp-hook.php(348): WP_Hook->apply_filters('', Array)
#2 /Applications/MAMP/htdocs/examensarbete/wordpress/wp-includes/plugin.php(517): WP_Hook->do_action(Array)
#3 /Applications/MAMP/htdocs/examensarbete/wordpress/wp-admin/admin-ajax.php(188): do_action('wp_ajax_rara_ec...')
#4 {main}
  thrown i /Applications/MAMP/htdocs/examensarbete/wordpress/wp-content/themes/rara-ecommerce-child/inc/custom-functions.php på rad 568

2024-01-22T08:39:16+00:00 CRITICAL Uncaught Error: Call to undefined function seva_get_fonts() in /Applications/MAMP/htdocs/examensarbete/wordpress/wp-content/themes/rara-ecommerce-child/inc/custom-functions.php:568
Stack trace:
#0 /Applications/MAMP/htdocs/examensarbete/wordpress/wp-includes/class-wp-hook.php(324): rara_ecommerce_dynamic_mce_css_ajax_callback('')
#1 /Applications/MAMP/htdocs/examensarbete/wordpress/wp-includes/class-wp-hook.php(348): WP_Hook->apply_filters('', Array)
#2 /Applications/MAMP/htdocs/examensarbete/wordpress/wp-includes/plugin.php(517): WP_Hook->do_action(Array)
#3 /Applications/MAMP/htdocs/examensarbete/wordpress/wp-admin/admin-ajax.php(188): do_action('wp_ajax_rara_ec...')
#4 {main}
  thrown i /Applications/MAMP/htdocs/examensarbete/wordpress/wp-content/themes/rara-ecommerce-child/inc/custom-functions.php på rad 568

2024-01-22T08:39:18+00:00 CRITICAL Uncaught Error: Call to undefined function seva_get_fonts() in /Applications/MAMP/htdocs/examensarbete/wordpress/wp-content/themes/rara-ecommerce-child/inc/custom-functions.php:568
Stack trace:
#0 /Applications/MAMP/htdocs/examensarbete/wordpress/wp-includes/class-wp-hook.php(324): rara_ecommerce_dynamic_mce_css_ajax_callback('')
#1 /Applications/MAMP/htdocs/examensarbete/wordpress/wp-includes/class-wp-hook.php(348): WP_Hook->apply_filters('', Array)
#2 /Applications/MAMP/htdocs/examensarbete/wordpress/wp-includes/plugin.php(517): WP_Hook->do_action(Array)
#3 /Applications/MAMP/htdocs/examensarbete/wordpress/wp-admin/admin-ajax.php(188): do_action('wp_ajax_rara_ec...')
#4 {main}
  thrown i /Applications/MAMP/htdocs/examensarbete/wordpress/wp-content/themes/rara-ecommerce-child/inc/custom-functions.php på rad 568

2024-01-22T08:39:28+00:00 CRITICAL Uncaught Error: Call to undefined function seva_get_fonts() in /Applications/MAMP/htdocs/examensarbete/wordpress/wp-content/themes/rara-ecommerce-child/inc/custom-functions.php:568
Stack trace:
#0 /Applications/MAMP/htdocs/examensarbete/wordpress/wp-includes/class-wp-hook.php(324): rara_ecommerce_dynamic_mce_css_ajax_callback('')
#1 /Applications/MAMP/htdocs/examensarbete/wordpress/wp-includes/class-wp-hook.php(348): WP_Hook->apply_filters('', Array)
#2 /Applications/MAMP/htdocs/examensarbete/wordpress/wp-includes/plugin.php(517): WP_Hook->do_action(Array)
#3 /Applications/MAMP/htdocs/examensarbete/wordpress/wp-admin/admin-ajax.php(188): do_action('wp_ajax_rara_ec...')
#4 {main}
  thrown i /Applications/MAMP/htdocs/examensarbete/wordpress/wp-content/themes/rara-ecommerce-child/inc/custom-functions.php på rad 568

2024-01-22T08:39:32+00:00 CRITICAL Uncaught Error: Call to undefined function seva_get_fonts() in /Applications/MAMP/htdocs/examensarbete/wordpress/wp-content/themes/rara-ecommerce-child/inc/custom-functions.php:568
Stack trace:
#0 /Applications/MAMP/htdocs/examensarbete/wordpress/wp-includes/class-wp-hook.php(324): rara_ecommerce_dynamic_mce_css_ajax_callback('')
#1 /Applications/MAMP/htdocs/examensarbete/wordpress/wp-includes/class-wp-hook.php(348): WP_Hook->apply_filters('', Array)
#2 /Applications/MAMP/htdocs/examensarbete/wordpress/wp-includes/plugin.php(517): WP_Hook->do_action(Array)
#3 /Applications/MAMP/htdocs/examensarbete/wordpress/wp-admin/admin-ajax.php(188): do_action('wp_ajax_rara_ec...')
#4 {main}
  thrown i /Applications/MAMP/htdocs/examensarbete/wordpress/wp-content/themes/rara-ecommerce-child/inc/custom-functions.php på rad 568

2024-01-22T08:41:13+00:00 CRITICAL Uncaught Error: Call to undefined function seva_get_fonts() in /Applications/MAMP/htdocs/examensarbete/wordpress/wp-content/themes/rara-ecommerce-child/inc/custom-functions.php:568
Stack trace:
#0 /Applications/MAMP/htdocs/examensarbete/wordpress/wp-includes/class-wp-hook.php(324): rara_ecommerce_dynamic_mce_css_ajax_callback('')
#1 /Applications/MAMP/htdocs/examensarbete/wordpress/wp-includes/class-wp-hook.php(348): WP_Hook->apply_filters('', Array)
#2 /Applications/MAMP/htdocs/examensarbete/wordpress/wp-includes/plugin.php(517): WP_Hook->do_action(Array)
#3 /Applications/MAMP/htdocs/examensarbete/wordpress/wp-admin/admin-ajax.php(188): do_action('wp_ajax_rara_ec...')
#4 {main}
  thrown i /Applications/MAMP/htdocs/examensarbete/wordpress/wp-content/themes/rara-ecommerce-child/inc/custom-functions.php på rad 568

2024-01-22T08:41:14+00:00 CRITICAL Uncaught Error: Call to undefined function seva_get_fonts() in /Applications/MAMP/htdocs/examensarbete/wordpress/wp-content/themes/rara-ecommerce-child/inc/custom-functions.php:568
Stack trace:
#0 /Applications/MAMP/htdocs/examensarbete/wordpress/wp-includes/class-wp-hook.php(324): rara_ecommerce_dynamic_mce_css_ajax_callback('')
#1 /Applications/MAMP/htdocs/examensarbete/wordpress/wp-includes/class-wp-hook.php(348): WP_Hook->apply_filters('', Array)
#2 /Applications/MAMP/htdocs/examensarbete/wordpress/wp-includes/plugin.php(517): WP_Hook->do_action(Array)
#3 /Applications/MAMP/htdocs/examensarbete/wordpress/wp-admin/admin-ajax.php(188): do_action('wp_ajax_rara_ec...')
#4 {main}
  thrown i /Applications/MAMP/htdocs/examensarbete/wordpress/wp-content/themes/rara-ecommerce-child/inc/custom-functions.php på rad 568

2024-01-22T08:41:25+00:00 CRITICAL Uncaught Error: Call to undefined function seva_get_fonts() in /Applications/MAMP/htdocs/examensarbete/wordpress/wp-content/themes/rara-ecommerce-child/inc/custom-functions.php:568
Stack trace:
#0 /Applications/MAMP/htdocs/examensarbete/wordpress/wp-includes/class-wp-hook.php(324): rara_ecommerce_dynamic_mce_css_ajax_callback('')
#1 /Applications/MAMP/htdocs/examensarbete/wordpress/wp-includes/class-wp-hook.php(348): WP_Hook->apply_filters('', Array)
#2 /Applications/MAMP/htdocs/examensarbete/wordpress/wp-includes/plugin.php(517): WP_Hook->do_action(Array)
#3 /Applications/MAMP/htdocs/examensarbete/wordpress/wp-admin/admin-ajax.php(188): do_action('wp_ajax_rara_ec...')
#4 {main}
  thrown i /Applications/MAMP/htdocs/examensarbete/wordpress/wp-content/themes/rara-ecommerce-child/inc/custom-functions.php på rad 568

2024-01-22T08:41:28+00:00 CRITICAL Uncaught Error: Call to undefined function seva_get_fonts() in /Applications/MAMP/htdocs/examensarbete/wordpress/wp-content/themes/rara-ecommerce-child/inc/custom-functions.php:568
Stack trace:
#0 /Applications/MAMP/htdocs/examensarbete/wordpress/wp-includes/class-wp-hook.php(324): rara_ecommerce_dynamic_mce_css_ajax_callback('')
#1 /Applications/MAMP/htdocs/examensarbete/wordpress/wp-includes/class-wp-hook.php(348): WP_Hook->apply_filters('', Array)
#2 /Applications/MAMP/htdocs/examensarbete/wordpress/wp-includes/plugin.php(517): WP_Hook->do_action(Array)
#3 /Applications/MAMP/htdocs/examensarbete/wordpress/wp-admin/admin-ajax.php(188): do_action('wp_ajax_rara_ec...')
#4 {main}
  thrown i /Applications/MAMP/htdocs/examensarbete/wordpress/wp-content/themes/rara-ecommerce-child/inc/custom-functions.php på rad 568

2024-01-22T08:43:05+00:00 CRITICAL Uncaught Error: Call to undefined function seva_get_fonts() in /Applications/MAMP/htdocs/examensarbete/wordpress/wp-content/themes/rara-ecommerce-child/inc/custom-functions.php:568
Stack trace:
#0 /Applications/MAMP/htdocs/examensarbete/wordpress/wp-includes/class-wp-hook.php(324): rara_ecommerce_dynamic_mce_css_ajax_callback('')
#1 /Applications/MAMP/htdocs/examensarbete/wordpress/wp-includes/class-wp-hook.php(348): WP_Hook->apply_filters('', Array)
#2 /Applications/MAMP/htdocs/examensarbete/wordpress/wp-includes/plugin.php(517): WP_Hook->do_action(Array)
#3 /Applications/MAMP/htdocs/examensarbete/wordpress/wp-admin/admin-ajax.php(188): do_action('wp_ajax_rara_ec...')
#4 {main}
  thrown i /Applications/MAMP/htdocs/examensarbete/wordpress/wp-content/themes/rara-ecommerce-child/inc/custom-functions.php på rad 568

2024-01-22T08:43:08+00:00 CRITICAL Uncaught Error: Call to undefined function seva_get_fonts() in /Applications/MAMP/htdocs/examensarbete/wordpress/wp-content/themes/rara-ecommerce-child/inc/custom-functions.php:568
Stack trace:
#0 /Applications/MAMP/htdocs/examensarbete/wordpress/wp-includes/class-wp-hook.php(324): rara_ecommerce_dynamic_mce_css_ajax_callback('')
#1 /Applications/MAMP/htdocs/examensarbete/wordpress/wp-includes/class-wp-hook.php(348): WP_Hook->apply_filters('', Array)
#2 /Applications/MAMP/htdocs/examensarbete/wordpress/wp-includes/plugin.php(517): WP_Hook->do_action(Array)
#3 /Applications/MAMP/htdocs/examensarbete/wordpress/wp-admin/admin-ajax.php(188): do_action('wp_ajax_rara_ec...')
#4 {main}
  thrown i /Applications/MAMP/htdocs/examensarbete/wordpress/wp-content/themes/rara-ecommerce-child/inc/custom-functions.php på rad 568

2024-01-22T08:43:25+00:00 CRITICAL Uncaught Error: Call to undefined function seva_get_fonts() in /Applications/MAMP/htdocs/examensarbete/wordpress/wp-content/themes/rara-ecommerce-child/inc/custom-functions.php:568
Stack trace:
#0 /Applications/MAMP/htdocs/examensarbete/wordpress/wp-includes/class-wp-hook.php(324): rara_ecommerce_dynamic_mce_css_ajax_callback('')
#1 /Applications/MAMP/htdocs/examensarbete/wordpress/wp-includes/class-wp-hook.php(348): WP_Hook->apply_filters('', Array)
#2 /Applications/MAMP/htdocs/examensarbete/wordpress/wp-includes/plugin.php(517): WP_Hook->do_action(Array)
#3 /Applications/MAMP/htdocs/examensarbete/wordpress/wp-admin/admin-ajax.php(188): do_action('wp_ajax_rara_ec...')
#4 {main}
  thrown i /Applications/MAMP/htdocs/examensarbete/wordpress/wp-content/themes/rara-ecommerce-child/inc/custom-functions.php på rad 568

2024-01-22T08:43:28+00:00 CRITICAL Uncaught Error: Call to undefined function seva_get_fonts() in /Applications/MAMP/htdocs/examensarbete/wordpress/wp-content/themes/rara-ecommerce-child/inc/custom-functions.php:568
Stack trace:
#0 /Applications/MAMP/htdocs/examensarbete/wordpress/wp-includes/class-wp-hook.php(324): rara_ecommerce_dynamic_mce_css_ajax_callback('')
#1 /Applications/MAMP/htdocs/examensarbete/wordpress/wp-includes/class-wp-hook.php(348): WP_Hook->apply_filters('', Array)
#2 /Applications/MAMP/htdocs/examensarbete/wordpress/wp-includes/plugin.php(517): WP_Hook->do_action(Array)
#3 /Applications/MAMP/htdocs/examensarbete/wordpress/wp-admin/admin-ajax.php(188): do_action('wp_ajax_rara_ec...')
#4 {main}
  thrown i /Applications/MAMP/htdocs/examensarbete/wordpress/wp-content/themes/rara-ecommerce-child/inc/custom-functions.php på rad 568

2024-01-22T08:44:52+00:00 CRITICAL Uncaught Error: Call to undefined function seva_get_fonts() in /Applications/MAMP/htdocs/examensarbete/wordpress/wp-content/themes/rara-ecommerce-child/inc/custom-functions.php:568
Stack trace:
#0 /Applications/MAMP/htdocs/examensarbete/wordpress/wp-includes/class-wp-hook.php(324): rara_ecommerce_dynamic_mce_css_ajax_callback('')
#1 /Applications/MAMP/htdocs/examensarbete/wordpress/wp-includes/class-wp-hook.php(348): WP_Hook->apply_filters('', Array)
#2 /Applications/MAMP/htdocs/examensarbete/wordpress/wp-includes/plugin.php(517): WP_Hook->do_action(Array)
#3 /Applications/MAMP/htdocs/examensarbete/wordpress/wp-admin/admin-ajax.php(188): do_action('wp_ajax_rara_ec...')
#4 {main}
  thrown i /Applications/MAMP/htdocs/examensarbete/wordpress/wp-content/themes/rara-ecommerce-child/inc/custom-functions.php på rad 568

2024-01-22T08:44:56+00:00 CRITICAL Uncaught Error: Call to undefined function seva_get_fonts() in /Applications/MAMP/htdocs/examensarbete/wordpress/wp-content/themes/rara-ecommerce-child/inc/custom-functions.php:568
Stack trace:
#0 /Applications/MAMP/htdocs/examensarbete/wordpress/wp-includes/class-wp-hook.php(324): rara_ecommerce_dynamic_mce_css_ajax_callback('')
#1 /Applications/MAMP/htdocs/examensarbete/wordpress/wp-includes/class-wp-hook.php(348): WP_Hook->apply_filters('', Array)
#2 /Applications/MAMP/htdocs/examensarbete/wordpress/wp-includes/plugin.php(517): WP_Hook->do_action(Array)
#3 /Applications/MAMP/htdocs/examensarbete/wordpress/wp-admin/admin-ajax.php(188): do_action('wp_ajax_rara_ec...')
#4 {main}
  thrown i /Applications/MAMP/htdocs/examensarbete/wordpress/wp-content/themes/rara-ecommerce-child/inc/custom-functions.php på rad 568

2024-01-22T08:46:08+00:00 CRITICAL Uncaught Error: Call to undefined function seva_get_fonts() in /Applications/MAMP/htdocs/examensarbete/wordpress/wp-content/themes/rara-ecommerce-child/inc/custom-functions.php:568
Stack trace:
#0 /Applications/MAMP/htdocs/examensarbete/wordpress/wp-includes/class-wp-hook.php(324): rara_ecommerce_dynamic_mce_css_ajax_callback('')
#1 /Applications/MAMP/htdocs/examensarbete/wordpress/wp-includes/class-wp-hook.php(348): WP_Hook->apply_filters('', Array)
#2 /Applications/MAMP/htdocs/examensarbete/wordpress/wp-includes/plugin.php(517): WP_Hook->do_action(Array)
#3 /Applications/MAMP/htdocs/examensarbete/wordpress/wp-admin/admin-ajax.php(188): do_action('wp_ajax_rara_ec...')
#4 {main}
  thrown i /Applications/MAMP/htdocs/examensarbete/wordpress/wp-content/themes/rara-ecommerce-child/inc/custom-functions.php på rad 568

2024-01-22T08:46:10+00:00 CRITICAL Uncaught Error: Call to undefined function seva_get_fonts() in /Applications/MAMP/htdocs/examensarbete/wordpress/wp-content/themes/rara-ecommerce-child/inc/custom-functions.php:568
Stack trace:
#0 /Applications/MAMP/htdocs/examensarbete/wordpress/wp-includes/class-wp-hook.php(324): rara_ecommerce_dynamic_mce_css_ajax_callback('')
#1 /Applications/MAMP/htdocs/examensarbete/wordpress/wp-includes/class-wp-hook.php(348): WP_Hook->apply_filters('', Array)
#2 /Applications/MAMP/htdocs/examensarbete/wordpress/wp-includes/plugin.php(517): WP_Hook->do_action(Array)
#3 /Applications/MAMP/htdocs/examensarbete/wordpress/wp-admin/admin-ajax.php(188): do_action('wp_ajax_rara_ec...')
#4 {main}
  thrown i /Applications/MAMP/htdocs/examensarbete/wordpress/wp-content/themes/rara-ecommerce-child/inc/custom-functions.php på rad 568

2024-01-22T08:47:35+00:00 CRITICAL Uncaught Error: Call to undefined function seva_get_fonts() in /Applications/MAMP/htdocs/examensarbete/wordpress/wp-content/themes/rara-ecommerce-child/inc/custom-functions.php:568
Stack trace:
#0 /Applications/MAMP/htdocs/examensarbete/wordpress/wp-includes/class-wp-hook.php(324): rara_ecommerce_dynamic_mce_css_ajax_callback('')
#1 /Applications/MAMP/htdocs/examensarbete/wordpress/wp-includes/class-wp-hook.php(348): WP_Hook->apply_filters('', Array)
#2 /Applications/MAMP/htdocs/examensarbete/wordpress/wp-includes/plugin.php(517): WP_Hook->do_action(Array)
#3 /Applications/MAMP/htdocs/examensarbete/wordpress/wp-admin/admin-ajax.php(188): do_action('wp_ajax_rara_ec...')
#4 {main}
  thrown i /Applications/MAMP/htdocs/examensarbete/wordpress/wp-content/themes/rara-ecommerce-child/inc/custom-functions.php på rad 568

2024-01-22T08:47:36+00:00 CRITICAL Uncaught Error: Call to undefined function seva_get_fonts() in /Applications/MAMP/htdocs/examensarbete/wordpress/wp-content/themes/rara-ecommerce-child/inc/custom-functions.php:568
Stack trace:
#0 /Applications/MAMP/htdocs/examensarbete/wordpress/wp-includes/class-wp-hook.php(324): rara_ecommerce_dynamic_mce_css_ajax_callback('')
#1 /Applications/MAMP/htdocs/examensarbete/wordpress/wp-includes/class-wp-hook.php(348): WP_Hook->apply_filters('', Array)
#2 /Applications/MAMP/htdocs/examensarbete/wordpress/wp-includes/plugin.php(517): WP_Hook->do_action(Array)
#3 /Applications/MAMP/htdocs/examensarbete/wordpress/wp-admin/admin-ajax.php(188): do_action('wp_ajax_rara_ec...')
#4 {main}
  thrown i /Applications/MAMP/htdocs/examensarbete/wordpress/wp-content/themes/rara-ecommerce-child/inc/custom-functions.php på rad 568

2024-01-22T08:49:00+00:00 CRITICAL Uncaught Error: Call to undefined function seva_get_fonts() in /Applications/MAMP/htdocs/examensarbete/wordpress/wp-content/themes/rara-ecommerce-child/inc/custom-functions.php:568
Stack trace:
#0 /Applications/MAMP/htdocs/examensarbete/wordpress/wp-includes/class-wp-hook.php(324): rara_ecommerce_dynamic_mce_css_ajax_callback('')
#1 /Applications/MAMP/htdocs/examensarbete/wordpress/wp-includes/class-wp-hook.php(348): WP_Hook->apply_filters('', Array)
#2 /Applications/MAMP/htdocs/examensarbete/wordpress/wp-includes/plugin.php(517): WP_Hook->do_action(Array)
#3 /Applications/MAMP/htdocs/examensarbete/wordpress/wp-admin/admin-ajax.php(188): do_action('wp_ajax_rara_ec...')
#4 {main}
  thrown i /Applications/MAMP/htdocs/examensarbete/wordpress/wp-content/themes/rara-ecommerce-child/inc/custom-functions.php på rad 568

2024-01-22T08:49:02+00:00 CRITICAL Uncaught Error: Call to undefined function seva_get_fonts() in /Applications/MAMP/htdocs/examensarbete/wordpress/wp-content/themes/rara-ecommerce-child/inc/custom-functions.php:568
Stack trace:
#0 /Applications/MAMP/htdocs/examensarbete/wordpress/wp-includes/class-wp-hook.php(324): rara_ecommerce_dynamic_mce_css_ajax_callback('')
#1 /Applications/MAMP/htdocs/examensarbete/wordpress/wp-includes/class-wp-hook.php(348): WP_Hook->apply_filters('', Array)
#2 /Applications/MAMP/htdocs/examensarbete/wordpress/wp-includes/plugin.php(517): WP_Hook->do_action(Array)
#3 /Applications/MAMP/htdocs/examensarbete/wordpress/wp-admin/admin-ajax.php(188): do_action('wp_ajax_rara_ec...')
#4 {main}
  thrown i /Applications/MAMP/htdocs/examensarbete/wordpress/wp-content/themes/rara-ecommerce-child/inc/custom-functions.php på rad 568

